{"/Users/bishalghimire/Documents/WORK/Open Source/bishalg.github.io/src/config.js": {"path":"/Users/bishalghimire/Documents/WORK/Open Source/bishalg.github.io/src/config.js","statementMap":{"0":{"start":{"line":6,"column":22},"end":{"line":148,"column":1}}},"fnMap":{},"branchMap":{},"s":{"0":0},"f":{},"b":{},"meta":{"lastBranch":0,"lastFunction":0,"lastStatement":1,"seen":{"s:6:22:148:1":0}}}
,"/Users/bishalghimire/Documents/WORK/Open Source/bishalg.github.io/src/core/CosmicScene.js": {"path":"/Users/bishalghimire/Documents/WORK/Open Source/bishalg.github.io/src/core/CosmicScene.js","statementMap":{"0":{"start":{"line":6,"column":8},"end":{"line":6,"column":null}},"1":{"start":{"line":7,"column":8},"end":{"line":7,"column":null}},"2":{"start":{"line":8,"column":8},"end":{"line":8,"column":null}},"3":{"start":{"line":9,"column":8},"end":{"line":9,"column":null}},"4":{"start":{"line":10,"column":8},"end":{"line":10,"column":null}},"5":{"start":{"line":11,"column":8},"end":{"line":11,"column":30}},"6":{"start":{"line":12,"column":8},"end":{"line":12,"column":null}},"7":{"start":{"line":13,"column":8},"end":{"line":13,"column":null}},"8":{"start":{"line":14,"column":8},"end":{"line":14,"column":null}},"9":{"start":{"line":15,"column":8},"end":{"line":15,"column":null}},"10":{"start":{"line":18,"column":8},"end":{"line":18,"column":null}},"11":{"start":{"line":19,"column":8},"end":{"line":19,"column":null}},"12":{"start":{"line":22,"column":8},"end":{"line":22,"column":null}},"13":{"start":{"line":23,"column":8},"end":{"line":23,"column":null}},"14":{"start":{"line":26,"column":8},"end":{"line":26,"column":null}},"15":{"start":{"line":27,"column":8},"end":{"line":27,"column":null}},"16":{"start":{"line":28,"column":8},"end":{"line":28,"column":34}},"17":{"start":{"line":31,"column":8},"end":{"line":31,"column":null}},"18":{"start":{"line":32,"column":8},"end":{"line":32,"column":null}},"19":{"start":{"line":35,"column":8},"end":{"line":46,"column":null}},"20":{"start":{"line":49,"column":8},"end":{"line":60,"column":null}},"21":{"start":{"line":62,"column":8},"end":{"line":62,"column":35}},"22":{"start":{"line":63,"column":8},"end":{"line":63,"column":null}},"23":{"start":{"line":67,"column":8},"end":{"line":67,"column":null}},"24":{"start":{"line":68,"column":8},"end":{"line":68,"column":null}},"25":{"start":{"line":69,"column":8},"end":{"line":69,"column":null}},"26":{"start":{"line":72,"column":8},"end":{"line":75,"column":null}},"27":{"start":{"line":73,"column":12},"end":{"line":73,"column":null}},"28":{"start":{"line":74,"column":12},"end":{"line":74,"column":null}},"29":{"start":{"line":77,"column":8},"end":{"line":77,"column":null}},"30":{"start":{"line":78,"column":8},"end":{"line":78,"column":null}},"31":{"start":{"line":79,"column":8},"end":{"line":79,"column":null}},"32":{"start":{"line":80,"column":8},"end":{"line":80,"column":null}},"33":{"start":{"line":82,"column":8},"end":{"line":82,"column":null}},"34":{"start":{"line":82,"column":48},"end":{"line":82,"column":67}},"35":{"start":{"line":89,"column":8},"end":{"line":89,"column":null}},"36":{"start":{"line":90,"column":8},"end":{"line":90,"column":null}},"37":{"start":{"line":91,"column":8},"end":{"line":91,"column":null}},"38":{"start":{"line":98,"column":8},"end":{"line":149,"column":null}},"39":{"start":{"line":100,"column":12},"end":{"line":109,"column":null}},"40":{"start":{"line":101,"column":16},"end":{"line":101,"column":null}},"41":{"start":{"line":102,"column":16},"end":{"line":102,"column":null}},"42":{"start":{"line":103,"column":16},"end":{"line":108,"column":null}},"43":{"start":{"line":104,"column":20},"end":{"line":104,"column":null}},"44":{"start":{"line":105,"column":20},"end":{"line":107,"column":null}},"45":{"start":{"line":106,"column":24},"end":{"line":106,"column":null}},"46":{"start":{"line":112,"column":12},"end":{"line":135,"column":null}},"47":{"start":{"line":114,"column":29},"end":{"line":114,"column":64}},"48":{"start":{"line":115,"column":16},"end":{"line":115,"column":null}},"49":{"start":{"line":116,"column":16},"end":{"line":116,"column":null}},"50":{"start":{"line":119,"column":16},"end":{"line":119,"column":null}},"51":{"start":{"line":122,"column":37},"end":{"line":122,"column":64}},"52":{"start":{"line":123,"column":35},"end":{"line":123,"column":87}},"53":{"start":{"line":125,"column":16},"end":{"line":134,"column":null}},"54":{"start":{"line":127,"column":40},"end":{"line":127,"column":60}},"55":{"start":{"line":128,"column":20},"end":{"line":133,"column":null}},"56":{"start":{"line":129,"column":24},"end":{"line":132,"column":null}},"57":{"start":{"line":130,"column":28},"end":{"line":130,"column":null}},"58":{"start":{"line":131,"column":28},"end":{"line":131,"column":null}},"59":{"start":{"line":138,"column":12},"end":{"line":148,"column":null}},"60":{"start":{"line":139,"column":29},"end":{"line":139,"column":64}},"61":{"start":{"line":140,"column":16},"end":{"line":140,"column":null}},"62":{"start":{"line":141,"column":16},"end":{"line":141,"column":null}},"63":{"start":{"line":143,"column":16},"end":{"line":143,"column":null}},"64":{"start":{"line":144,"column":37},"end":{"line":144,"column":64}},"65":{"start":{"line":145,"column":35},"end":{"line":145,"column":87}},"66":{"start":{"line":147,"column":16},"end":{"line":147,"column":null}},"67":{"start":{"line":156,"column":8},"end":{"line":156,"column":null}},"68":{"start":{"line":160,"column":8},"end":{"line":160,"column":null}},"69":{"start":{"line":161,"column":8},"end":{"line":161,"column":null}},"70":{"start":{"line":162,"column":8},"end":{"line":162,"column":null}},"71":{"start":{"line":166,"column":25},"end":{"line":166,"column":48}},"72":{"start":{"line":167,"column":20},"end":{"line":167,"column":83}},"73":{"start":{"line":169,"column":8},"end":{"line":174,"column":null}},"74":{"start":{"line":176,"column":20},"end":{"line":176,"column":49}},"75":{"start":{"line":177,"column":8},"end":{"line":177,"column":null}},"76":{"start":{"line":178,"column":8},"end":{"line":178,"column":null}},"77":{"start":{"line":183,"column":23},"end":{"line":183,"column":55}},"78":{"start":{"line":184,"column":19},"end":{"line":184,"column":88}},"79":{"start":{"line":186,"column":8},"end":{"line":190,"column":null}},"80":{"start":{"line":187,"column":12},"end":{"line":187,"column":null}},"81":{"start":{"line":188,"column":12},"end":{"line":188,"column":null}},"82":{"start":{"line":189,"column":12},"end":{"line":189,"column":null}},"83":{"start":{"line":192,"column":8},"end":{"line":214,"column":null}},"84":{"start":{"line":193,"column":12},"end":{"line":198,"column":null}},"85":{"start":{"line":200,"column":12},"end":{"line":200,"column":null}},"86":{"start":{"line":201,"column":12},"end":{"line":201,"column":null}},"87":{"start":{"line":202,"column":12},"end":{"line":202,"column":null}},"88":{"start":{"line":203,"column":12},"end":{"line":203,"column":null}},"89":{"start":{"line":204,"column":12},"end":{"line":204,"column":66}},"90":{"start":{"line":205,"column":12},"end":{"line":205,"column":null}},"91":{"start":{"line":206,"column":12},"end":{"line":206,"column":null}},"92":{"start":{"line":209,"column":12},"end":{"line":209,"column":null}},"93":{"start":{"line":212,"column":12},"end":{"line":212,"column":null}},"94":{"start":{"line":213,"column":12},"end":{"line":213,"column":null}},"95":{"start":{"line":222,"column":8},"end":{"line":222,"column":null}},"96":{"start":{"line":223,"column":8},"end":{"line":223,"column":null}},"97":{"start":{"line":224,"column":8},"end":{"line":232,"column":null}},"98":{"start":{"line":233,"column":8},"end":{"line":233,"column":null}},"99":{"start":{"line":236,"column":30},"end":{"line":246,"column":9}},"100":{"start":{"line":248,"column":8},"end":{"line":272,"column":null}},"101":{"start":{"line":249,"column":27},"end":{"line":249,"column":56}},"102":{"start":{"line":250,"column":12},"end":{"line":250,"column":null}},"103":{"start":{"line":251,"column":12},"end":{"line":262,"column":null}},"104":{"start":{"line":265,"column":12},"end":{"line":268,"column":null}},"105":{"start":{"line":266,"column":16},"end":{"line":266,"column":null}},"106":{"start":{"line":267,"column":16},"end":{"line":267,"column":null}},"107":{"start":{"line":270,"column":12},"end":{"line":270,"column":null}},"108":{"start":{"line":271,"column":12},"end":{"line":271,"column":null}},"109":{"start":{"line":275,"column":22},"end":{"line":275,"column":53}},"110":{"start":{"line":276,"column":8},"end":{"line":281,"column":null}},"111":{"start":{"line":282,"column":8},"end":{"line":282,"column":null}},"112":{"start":{"line":285,"column":26},"end":{"line":285,"column":55}},"113":{"start":{"line":286,"column":8},"end":{"line":286,"column":null}},"114":{"start":{"line":287,"column":8},"end":{"line":299,"column":null}},"115":{"start":{"line":300,"column":8},"end":{"line":300,"column":null}},"116":{"start":{"line":305,"column":40},"end":{"line":305,"column":52}},"117":{"start":{"line":306,"column":25},"end":{"line":306,"column":51}},"118":{"start":{"line":307,"column":26},"end":{"line":307,"column":53}},"119":{"start":{"line":308,"column":23},"end":{"line":308,"column":50}},"120":{"start":{"line":310,"column":8},"end":{"line":325,"column":null}},"121":{"start":{"line":310,"column":21},"end":{"line":310,"column":22}},"122":{"start":{"line":311,"column":23},"end":{"line":311,"column":28}},"123":{"start":{"line":313,"column":26},"end":{"line":313,"column":53}},"124":{"start":{"line":314,"column":24},"end":{"line":314,"column":56}},"125":{"start":{"line":315,"column":22},"end":{"line":315,"column":55}},"126":{"start":{"line":317,"column":12},"end":{"line":317,"column":null}},"127":{"start":{"line":318,"column":12},"end":{"line":318,"column":null}},"128":{"start":{"line":319,"column":12},"end":{"line":319,"column":null}},"129":{"start":{"line":321,"column":35},"end":{"line":321,"column":60}},"130":{"start":{"line":322,"column":12},"end":{"line":322,"column":null}},"131":{"start":{"line":323,"column":12},"end":{"line":323,"column":null}},"132":{"start":{"line":324,"column":12},"end":{"line":324,"column":null}},"133":{"start":{"line":327,"column":8},"end":{"line":327,"column":null}},"134":{"start":{"line":328,"column":8},"end":{"line":328,"column":null}},"135":{"start":{"line":330,"column":25},"end":{"line":338,"column":10}},"136":{"start":{"line":340,"column":8},"end":{"line":340,"column":null}},"137":{"start":{"line":341,"column":8},"end":{"line":341,"column":null}},"138":{"start":{"line":345,"column":23},"end":{"line":345,"column":55}},"139":{"start":{"line":346,"column":8},"end":{"line":346,"column":null}},"140":{"start":{"line":347,"column":8},"end":{"line":347,"column":null}},"141":{"start":{"line":348,"column":20},"end":{"line":348,"column":43}},"142":{"start":{"line":349,"column":25},"end":{"line":349,"column":72}},"143":{"start":{"line":350,"column":8},"end":{"line":350,"column":null}},"144":{"start":{"line":351,"column":8},"end":{"line":351,"column":null}},"145":{"start":{"line":352,"column":8},"end":{"line":352,"column":null}},"146":{"start":{"line":353,"column":8},"end":{"line":353,"column":null}},"147":{"start":{"line":354,"column":24},"end":{"line":354,"column":49}},"148":{"start":{"line":355,"column":8},"end":{"line":355,"column":null}},"149":{"start":{"line":356,"column":8},"end":{"line":356,"column":null}},"150":{"start":{"line":362,"column":29},"end":{"line":362,"column":66}},"151":{"start":{"line":363,"column":8},"end":{"line":363,"column":null}},"152":{"start":{"line":367,"column":26},"end":{"line":367,"column":76}},"153":{"start":{"line":368,"column":8},"end":{"line":368,"column":null}},"154":{"start":{"line":371,"column":25},"end":{"line":371,"column":66}},"155":{"start":{"line":372,"column":8},"end":{"line":372,"column":null}},"156":{"start":{"line":373,"column":8},"end":{"line":373,"column":null}},"157":{"start":{"line":376,"column":8},"end":{"line":376,"column":null}},"158":{"start":{"line":377,"column":8},"end":{"line":377,"column":null}},"159":{"start":{"line":378,"column":8},"end":{"line":378,"column":null}},"160":{"start":{"line":380,"column":8},"end":{"line":380,"column":null}},"161":{"start":{"line":383,"column":25},"end":{"line":383,"column":66}},"162":{"start":{"line":384,"column":8},"end":{"line":384,"column":null}},"163":{"start":{"line":385,"column":8},"end":{"line":385,"column":null}},"164":{"start":{"line":389,"column":81},"end":{"line":389,"column":87}},"165":{"start":{"line":392,"column":27},"end":{"line":392,"column":44}},"166":{"start":{"line":394,"column":25},"end":{"line":394,"column":65}},"167":{"start":{"line":398,"column":8},"end":{"line":409,"column":null}},"168":{"start":{"line":399,"column":12},"end":{"line":401,"column":null}},"169":{"start":{"line":404,"column":12},"end":{"line":408,"column":null}},"170":{"start":{"line":411,"column":21},"end":{"line":411,"column":55}},"171":{"start":{"line":414,"column":8},"end":{"line":417,"column":null}},"172":{"start":{"line":415,"column":12},"end":{"line":415,"column":null}},"173":{"start":{"line":416,"column":12},"end":{"line":416,"column":null}},"174":{"start":{"line":420,"column":8},"end":{"line":434,"column":null}},"175":{"start":{"line":421,"column":12},"end":{"line":433,"column":null}},"176":{"start":{"line":425,"column":20},"end":{"line":425,"column":null}},"177":{"start":{"line":426,"column":20},"end":{"line":426,"column":null}},"178":{"start":{"line":427,"column":20},"end":{"line":427,"column":null}},"179":{"start":{"line":437,"column":8},"end":{"line":437,"column":null}},"180":{"start":{"line":439,"column":8},"end":{"line":439,"column":null}},"181":{"start":{"line":441,"column":8},"end":{"line":443,"column":null}},"182":{"start":{"line":442,"column":12},"end":{"line":442,"column":null}},"183":{"start":{"line":446,"column":8},"end":{"line":452,"column":null}},"184":{"start":{"line":447,"column":12},"end":{"line":447,"column":null}},"185":{"start":{"line":448,"column":12},"end":{"line":448,"column":null}},"186":{"start":{"line":451,"column":12},"end":{"line":451,"column":null}},"187":{"start":{"line":455,"column":8},"end":{"line":455,"column":null}},"188":{"start":{"line":462,"column":22},"end":{"line":462,"column":51}},"189":{"start":{"line":463,"column":8},"end":{"line":463,"column":null}},"190":{"start":{"line":464,"column":8},"end":{"line":464,"column":null}},"191":{"start":{"line":465,"column":8},"end":{"line":465,"column":null}},"192":{"start":{"line":468,"column":8},"end":{"line":468,"column":null}},"193":{"start":{"line":470,"column":8},"end":{"line":470,"column":null}},"194":{"start":{"line":471,"column":8},"end":{"line":471,"column":null}},"195":{"start":{"line":478,"column":8},"end":{"line":478,"column":null}},"196":{"start":{"line":478,"column":35},"end":{"line":478,"column":null}},"197":{"start":{"line":480,"column":8},"end":{"line":533,"column":null}},"198":{"start":{"line":481,"column":26},"end":{"line":481,"column":27}},"199":{"start":{"line":482,"column":26},"end":{"line":482,"column":27}},"200":{"start":{"line":484,"column":12},"end":{"line":521,"column":null}},"201":{"start":{"line":486,"column":39},"end":{"line":486,"column":65}},"202":{"start":{"line":487,"column":16},"end":{"line":495,"column":null}},"203":{"start":{"line":488,"column":33},"end":{"line":488,"column":71}},"204":{"start":{"line":489,"column":20},"end":{"line":489,"column":null}},"205":{"start":{"line":490,"column":20},"end":{"line":490,"column":44}},"206":{"start":{"line":493,"column":20},"end":{"line":493,"column":null}},"207":{"start":{"line":494,"column":20},"end":{"line":494,"column":null}},"208":{"start":{"line":498,"column":30},"end":{"line":498,"column":52}},"209":{"start":{"line":499,"column":16},"end":{"line":499,"column":null}},"210":{"start":{"line":499,"column":28},"end":{"line":499,"column":null}},"211":{"start":{"line":502,"column":33},"end":{"line":502,"column":52}},"212":{"start":{"line":503,"column":16},"end":{"line":503,"column":null}},"213":{"start":{"line":506,"column":31},"end":{"line":506,"column":68}},"214":{"start":{"line":507,"column":16},"end":{"line":507,"column":null}},"215":{"start":{"line":510,"column":34},"end":{"line":510,"column":71}},"216":{"start":{"line":513,"column":16},"end":{"line":516,"column":null}},"217":{"start":{"line":514,"column":20},"end":{"line":514,"column":null}},"218":{"start":{"line":515,"column":20},"end":{"line":515,"column":null}},"219":{"start":{"line":519,"column":16},"end":{"line":519,"column":null}},"220":{"start":{"line":520,"column":16},"end":{"line":520,"column":null}},"221":{"start":{"line":524,"column":12},"end":{"line":528,"column":null}},"222":{"start":{"line":526,"column":16},"end":{"line":526,"column":null}},"223":{"start":{"line":527,"column":16},"end":{"line":527,"column":null}},"224":{"start":{"line":530,"column":12},"end":{"line":530,"column":null}},"225":{"start":{"line":531,"column":12},"end":{"line":531,"column":null}},"226":{"start":{"line":532,"column":12},"end":{"line":532,"column":null}},"227":{"start":{"line":537,"column":23},"end":{"line":537,"column":25}},"228":{"start":{"line":538,"column":25},"end":{"line":538,"column":28}},"229":{"start":{"line":539,"column":8},"end":{"line":542,"column":null}},"230":{"start":{"line":539,"column":21},"end":{"line":539,"column":22}},"231":{"start":{"line":540,"column":26},"end":{"line":540,"column":54}},"232":{"start":{"line":541,"column":12},"end":{"line":541,"column":null}},"233":{"start":{"line":544,"column":25},"end":{"line":544,"column":73}},"234":{"start":{"line":545,"column":25},"end":{"line":549,"column":10}},"235":{"start":{"line":551,"column":21},"end":{"line":551,"column":55}},"236":{"start":{"line":552,"column":8},"end":{"line":552,"column":null}},"237":{"start":{"line":556,"column":24},"end":{"line":556,"column":90}},"238":{"start":{"line":557,"column":20},"end":{"line":557,"column":47}},"239":{"start":{"line":558,"column":19},"end":{"line":558,"column":38}},"240":{"start":{"line":560,"column":8},"end":{"line":563,"column":null}},"241":{"start":{"line":560,"column":21},"end":{"line":560,"column":22}},"242":{"start":{"line":561,"column":12},"end":{"line":561,"column":null}},"243":{"start":{"line":562,"column":12},"end":{"line":562,"column":null}},"244":{"start":{"line":565,"column":24},"end":{"line":570,"column":10}},"245":{"start":{"line":573,"column":8},"end":{"line":584,"column":null}},"246":{"start":{"line":576,"column":16},"end":{"line":576,"column":null}},"247":{"start":{"line":577,"column":16},"end":{"line":577,"column":null}},"248":{"start":{"line":578,"column":16},"end":{"line":578,"column":null}},"249":{"start":{"line":587,"column":8},"end":{"line":600,"column":null}},"250":{"start":{"line":588,"column":12},"end":{"line":599,"column":null}},"251":{"start":{"line":591,"column":20},"end":{"line":591,"column":null}},"252":{"start":{"line":592,"column":20},"end":{"line":592,"column":null}},"253":{"start":{"line":593,"column":20},"end":{"line":593,"column":null}},"254":{"start":{"line":602,"column":21},"end":{"line":602,"column":53}},"255":{"start":{"line":603,"column":8},"end":{"line":603,"column":null}},"256":{"start":{"line":604,"column":8},"end":{"line":604,"column":null}},"257":{"start":{"line":608,"column":18},"end":{"line":608,"column":32}},"258":{"start":{"line":610,"column":8},"end":{"line":629,"column":null}},"259":{"start":{"line":611,"column":12},"end":{"line":611,"column":39}},"260":{"start":{"line":611,"column":32},"end":{"line":611,"column":39}},"261":{"start":{"line":613,"column":27},"end":{"line":613,"column":33}},"262":{"start":{"line":616,"column":12},"end":{"line":625,"column":null}},"263":{"start":{"line":617,"column":31},"end":{"line":617,"column":56}},"264":{"start":{"line":618,"column":16},"end":{"line":618,"column":null}},"265":{"start":{"line":619,"column":16},"end":{"line":619,"column":null}},"266":{"start":{"line":620,"column":16},"end":{"line":620,"column":null}},"267":{"start":{"line":623,"column":16},"end":{"line":623,"column":null}},"268":{"start":{"line":623,"column":35},"end":{"line":623,"column":null}},"269":{"start":{"line":624,"column":16},"end":{"line":624,"column":null}},"270":{"start":{"line":624,"column":37},"end":{"line":624,"column":null}},"271":{"start":{"line":628,"column":12},"end":{"line":628,"column":null}},"272":{"start":{"line":632,"column":27},"end":{"line":632,"column":33}},"273":{"start":{"line":633,"column":27},"end":{"line":633,"column":56}},"274":{"start":{"line":634,"column":8},"end":{"line":634,"column":null}},"275":{"start":{"line":635,"column":8},"end":{"line":635,"column":49}},"276":{"start":{"line":638,"column":8},"end":{"line":638,"column":null}},"277":{"start":{"line":641,"column":8},"end":{"line":641,"column":null}},"278":{"start":{"line":644,"column":8},"end":{"line":644,"column":null}},"279":{"start":{"line":648,"column":24},"end":{"line":648,"column":89}},"280":{"start":{"line":649,"column":24},"end":{"line":655,"column":10}},"281":{"start":{"line":656,"column":8},"end":{"line":656,"column":null}},"282":{"start":{"line":658,"column":26},"end":{"line":658,"column":91}},"283":{"start":{"line":659,"column":26},"end":{"line":665,"column":10}},"284":{"start":{"line":666,"column":8},"end":{"line":666,"column":null}},"285":{"start":{"line":670,"column":35},"end":{"line":670,"column":103}},"286":{"start":{"line":671,"column":35},"end":{"line":677,"column":10}},"287":{"start":{"line":678,"column":8},"end":{"line":678,"column":null}},"288":{"start":{"line":682,"column":22},"end":{"line":682,"column":39}},"289":{"start":{"line":683,"column":23},"end":{"line":683,"column":41}},"290":{"start":{"line":684,"column":8},"end":{"line":684,"column":null}},"291":{"start":{"line":685,"column":8},"end":{"line":685,"column":null}},"292":{"start":{"line":686,"column":8},"end":{"line":686,"column":null}},"293":{"start":{"line":687,"column":8},"end":{"line":687,"column":null}},"294":{"start":{"line":688,"column":8},"end":{"line":688,"column":null}},"295":{"start":{"line":692,"column":22},"end":{"line":692,"column":43}},"296":{"start":{"line":695,"column":8},"end":{"line":737,"column":null}},"297":{"start":{"line":696,"column":27},"end":{"line":696,"column":46}},"298":{"start":{"line":697,"column":25},"end":{"line":697,"column":42}},"299":{"start":{"line":698,"column":26},"end":{"line":698,"column":47}},"300":{"start":{"line":701,"column":12},"end":{"line":717,"column":null}},"301":{"start":{"line":702,"column":16},"end":{"line":702,"column":null}},"302":{"start":{"line":703,"column":26},"end":{"line":703,"column":66}},"303":{"start":{"line":704,"column":26},"end":{"line":704,"column":66}},"304":{"start":{"line":707,"column":16},"end":{"line":710,"column":null}},"305":{"start":{"line":708,"column":20},"end":{"line":708,"column":null}},"306":{"start":{"line":709,"column":20},"end":{"line":709,"column":null}},"307":{"start":{"line":713,"column":16},"end":{"line":716,"column":null}},"308":{"start":{"line":714,"column":35},"end":{"line":714,"column":60}},"309":{"start":{"line":715,"column":20},"end":{"line":715,"column":null}},"310":{"start":{"line":720,"column":12},"end":{"line":731,"column":null}},"311":{"start":{"line":721,"column":16},"end":{"line":721,"column":null}},"312":{"start":{"line":722,"column":26},"end":{"line":722,"column":66}},"313":{"start":{"line":723,"column":26},"end":{"line":723,"column":66}},"314":{"start":{"line":725,"column":16},"end":{"line":728,"column":null}},"315":{"start":{"line":726,"column":20},"end":{"line":726,"column":null}},"316":{"start":{"line":727,"column":20},"end":{"line":727,"column":null}},"317":{"start":{"line":734,"column":12},"end":{"line":736,"column":null}},"318":{"start":{"line":735,"column":16},"end":{"line":735,"column":null}},"319":{"start":{"line":740,"column":8},"end":{"line":740,"column":null}},"320":{"start":{"line":741,"column":8},"end":{"line":741,"column":null}},"321":{"start":{"line":744,"column":8},"end":{"line":744,"column":null}},"322":{"start":{"line":748,"column":8},"end":{"line":748,"column":null}},"323":{"start":{"line":751,"column":8},"end":{"line":753,"column":null}},"324":{"start":{"line":752,"column":12},"end":{"line":752,"column":null}},"325":{"start":{"line":758,"column":8},"end":{"line":758,"column":null}},"326":{"start":{"line":762,"column":8},"end":{"line":762,"column":null}}},"fnMap":{"0":{"name":"(anonymous_0)","decl":{"start":{"line":5,"column":4},"end":{"line":5,"column":15}},"loc":{"start":{"line":5,"column":18},"end":{"line":64,"column":null}},"line":5},"1":{"name":"(anonymous_1)","decl":{"start":{"line":66,"column":4},"end":{"line":66,"column":8}},"loc":{"start":{"line":66,"column":11},"end":{"line":83,"column":null}},"line":66},"2":{"name":"(anonymous_2)","decl":{"start":{"line":82,"column":42},"end":{"line":82,"column":43}},"loc":{"start":{"line":82,"column":48},"end":{"line":82,"column":67}},"line":82},"3":{"name":"(anonymous_3)","decl":{"start":{"line":88,"column":4},"end":{"line":88,"column":25}},"loc":{"start":{"line":88,"column":28},"end":{"line":92,"column":null}},"line":88},"4":{"name":"(anonymous_4)","decl":{"start":{"line":97,"column":4},"end":{"line":97,"column":21}},"loc":{"start":{"line":97,"column":24},"end":{"line":150,"column":null}},"line":97},"5":{"name":"(anonymous_5)","decl":{"start":{"line":100,"column":57},"end":{"line":100,"column":58}},"loc":{"start":{"line":100,"column":77},"end":{"line":109,"column":13}},"line":100},"6":{"name":"(anonymous_6)","decl":{"start":{"line":103,"column":49},"end":{"line":103,"column":50}},"loc":{"start":{"line":103,"column":60},"end":{"line":108,"column":17}},"line":103},"7":{"name":"(anonymous_7)","decl":{"start":{"line":112,"column":50},"end":{"line":112,"column":51}},"loc":{"start":{"line":112,"column":61},"end":{"line":135,"column":13}},"line":112},"8":{"name":"(anonymous_8)","decl":{"start":{"line":138,"column":54},"end":{"line":138,"column":55}},"loc":{"start":{"line":138,"column":65},"end":{"line":148,"column":13}},"line":138},"9":{"name":"(anonymous_9)","decl":{"start":{"line":155,"column":4},"end":{"line":155,"column":26}},"loc":{"start":{"line":155,"column":37},"end":{"line":157,"column":null}},"line":155},"10":{"name":"(anonymous_10)","decl":{"start":{"line":159,"column":4},"end":{"line":159,"column":15}},"loc":{"start":{"line":159,"column":18},"end":{"line":163,"column":null}},"line":159},"11":{"name":"(anonymous_11)","decl":{"start":{"line":165,"column":4},"end":{"line":165,"column":16}},"loc":{"start":{"line":165,"column":19},"end":{"line":179,"column":null}},"line":165},"12":{"name":"(anonymous_12)","decl":{"start":{"line":181,"column":4},"end":{"line":181,"column":18}},"loc":{"start":{"line":181,"column":21},"end":{"line":215,"column":null}},"line":181},"13":{"name":"(anonymous_13)","decl":{"start":{"line":220,"column":4},"end":{"line":220,"column":25}},"loc":{"start":{"line":220,"column":28},"end":{"line":302,"column":null}},"line":220},"14":{"name":"(anonymous_14)","decl":{"start":{"line":248,"column":30},"end":{"line":248,"column":36}},"loc":{"start":{"line":248,"column":40},"end":{"line":272,"column":9}},"line":248},"15":{"name":"(anonymous_15)","decl":{"start":{"line":304,"column":4},"end":{"line":304,"column":15}},"loc":{"start":{"line":304,"column":18},"end":{"line":342,"column":null}},"line":304},"16":{"name":"(anonymous_16)","decl":{"start":{"line":344,"column":4},"end":{"line":344,"column":21}},"loc":{"start":{"line":344,"column":24},"end":{"line":357,"column":null}},"line":344},"17":{"name":"(anonymous_17)","decl":{"start":{"line":359,"column":4},"end":{"line":359,"column":18}},"loc":{"start":{"line":359,"column":21},"end":{"line":386,"column":null}},"line":359},"18":{"name":"(anonymous_18)","decl":{"start":{"line":388,"column":4},"end":{"line":388,"column":16}},"loc":{"start":{"line":388,"column":25},"end":{"line":456,"column":null}},"line":388},"19":{"name":"(anonymous_19)","decl":{"start":{"line":423,"column":16},"end":{"line":423,"column":17}},"loc":{"start":{"line":423,"column":31},"end":{"line":428,"column":17}},"line":423},"20":{"name":"(anonymous_20)","decl":{"start":{"line":430,"column":16},"end":{"line":430,"column":17}},"loc":{"start":{"line":430,"column":25},"end":{"line":432,"column":null}},"line":430},"21":{"name":"(anonymous_21)","decl":{"start":{"line":461,"column":4},"end":{"line":461,"column":21}},"loc":{"start":{"line":461,"column":42},"end":{"line":472,"column":null}},"line":461},"22":{"name":"(anonymous_22)","decl":{"start":{"line":477,"column":4},"end":{"line":477,"column":24}},"loc":{"start":{"line":477,"column":27},"end":{"line":534,"column":null}},"line":477},"23":{"name":"(anonymous_23)","decl":{"start":{"line":536,"column":4},"end":{"line":536,"column":19}},"loc":{"start":{"line":536,"column":46},"end":{"line":553,"column":null}},"line":536},"24":{"name":"(anonymous_24)","decl":{"start":{"line":555,"column":4},"end":{"line":555,"column":20}},"loc":{"start":{"line":555,"column":47},"end":{"line":605,"column":null}},"line":555},"25":{"name":"(anonymous_25)","decl":{"start":{"line":575,"column":12},"end":{"line":575,"column":13}},"loc":{"start":{"line":575,"column":21},"end":{"line":579,"column":13}},"line":575},"26":{"name":"(anonymous_26)","decl":{"start":{"line":581,"column":16},"end":{"line":581,"column":17}},"loc":{"start":{"line":581,"column":25},"end":{"line":583,"column":null}},"line":581},"27":{"name":"(anonymous_27)","decl":{"start":{"line":590,"column":16},"end":{"line":590,"column":17}},"loc":{"start":{"line":590,"column":25},"end":{"line":594,"column":17}},"line":590},"28":{"name":"(anonymous_28)","decl":{"start":{"line":596,"column":16},"end":{"line":596,"column":17}},"loc":{"start":{"line":596,"column":25},"end":{"line":598,"column":null}},"line":596},"29":{"name":"(anonymous_29)","decl":{"start":{"line":607,"column":4},"end":{"line":607,"column":21}},"loc":{"start":{"line":607,"column":24},"end":{"line":645,"column":null}},"line":607},"30":{"name":"(anonymous_30)","decl":{"start":{"line":610,"column":31},"end":{"line":610,"column":34}},"loc":{"start":{"line":610,"column":38},"end":{"line":629,"column":9}},"line":610},"31":{"name":"(anonymous_31)","decl":{"start":{"line":647,"column":4},"end":{"line":647,"column":14}},"loc":{"start":{"line":647,"column":17},"end":{"line":667,"column":null}},"line":647},"32":{"name":"(anonymous_32)","decl":{"start":{"line":669,"column":4},"end":{"line":669,"column":22}},"loc":{"start":{"line":669,"column":25},"end":{"line":679,"column":null}},"line":669},"33":{"name":"(anonymous_33)","decl":{"start":{"line":681,"column":4},"end":{"line":681,"column":16}},"loc":{"start":{"line":681,"column":19},"end":{"line":689,"column":null}},"line":681},"34":{"name":"(anonymous_34)","decl":{"start":{"line":691,"column":4},"end":{"line":691,"column":10}},"loc":{"start":{"line":691,"column":13},"end":{"line":745,"column":null}},"line":691},"35":{"name":"(anonymous_35)","decl":{"start":{"line":695,"column":44},"end":{"line":695,"column":47}},"loc":{"start":{"line":695,"column":51},"end":{"line":737,"column":9}},"line":695},"36":{"name":"(anonymous_36)","decl":{"start":{"line":747,"column":4},"end":{"line":747,"column":10}},"loc":{"start":{"line":747,"column":13},"end":{"line":754,"column":null}},"line":747},"37":{"name":"(anonymous_37)","decl":{"start":{"line":756,"column":4},"end":{"line":756,"column":19}},"loc":{"start":{"line":756,"column":34},"end":{"line":759,"column":null}},"line":756},"38":{"name":"(anonymous_38)","decl":{"start":{"line":761,"column":4},"end":{"line":761,"column":22}},"loc":{"start":{"line":761,"column":30},"end":{"line":763,"column":null}},"line":761}},"branchMap":{"0":{"loc":{"start":{"line":72,"column":8},"end":{"line":75,"column":null}},"type":"if","locations":[{"start":{"line":72,"column":8},"end":{"line":75,"column":null}},{"start":{},"end":{}}],"line":72},"1":{"loc":{"start":{"line":98,"column":8},"end":{"line":149,"column":null}},"type":"if","locations":[{"start":{"line":98,"column":8},"end":{"line":149,"column":null}},{"start":{"line":110,"column":15},"end":{"line":149,"column":null}}],"line":98},"2":{"loc":{"start":{"line":105,"column":20},"end":{"line":107,"column":null}},"type":"if","locations":[{"start":{"line":105,"column":20},"end":{"line":107,"column":null}},{"start":{},"end":{}}],"line":105},"3":{"loc":{"start":{"line":125,"column":16},"end":{"line":134,"column":null}},"type":"if","locations":[{"start":{"line":125,"column":16},"end":{"line":134,"column":null}},{"start":{},"end":{}}],"line":125},"4":{"loc":{"start":{"line":129,"column":24},"end":{"line":132,"column":null}},"type":"if","locations":[{"start":{"line":129,"column":24},"end":{"line":132,"column":null}},{"start":{},"end":{}}],"line":129},"5":{"loc":{"start":{"line":129,"column":28},"end":{"line":129,"column":70}},"type":"binary-expr","locations":[{"start":{"line":129,"column":28},"end":{"line":129,"column":48}},{"start":{"line":129,"column":52},"end":{"line":129,"column":70}}],"line":129},"6":{"loc":{"start":{"line":147,"column":43},"end":{"line":147,"column":88}},"type":"cond-expr","locations":[{"start":{"line":147,"column":67},"end":{"line":147,"column":76}},{"start":{"line":147,"column":79},"end":{"line":147,"column":88}}],"line":147},"7":{"loc":{"start":{"line":167,"column":20},"end":{"line":167,"column":83}},"type":"cond-expr","locations":[{"start":{"line":167,"column":31},"end":{"line":167,"column":55}},{"start":{"line":167,"column":58},"end":{"line":167,"column":83}}],"line":167},"8":{"loc":{"start":{"line":184,"column":19},"end":{"line":184,"column":88}},"type":"binary-expr","locations":[{"start":{"line":184,"column":19},"end":{"line":184,"column":45}},{"start":{"line":184,"column":49},"end":{"line":184,"column":88}}],"line":184},"9":{"loc":{"start":{"line":186,"column":8},"end":{"line":190,"column":null}},"type":"if","locations":[{"start":{"line":186,"column":8},"end":{"line":190,"column":null}},{"start":{},"end":{}}],"line":186},"10":{"loc":{"start":{"line":265,"column":12},"end":{"line":268,"column":null}},"type":"if","locations":[{"start":{"line":265,"column":12},"end":{"line":268,"column":null}},{"start":{},"end":{}}],"line":265},"11":{"loc":{"start":{"line":398,"column":8},"end":{"line":409,"column":null}},"type":"if","locations":[{"start":{"line":398,"column":8},"end":{"line":409,"column":null}},{"start":{"line":402,"column":15},"end":{"line":409,"column":null}}],"line":398},"12":{"loc":{"start":{"line":400,"column":39},"end":{"line":400,"column":56}},"type":"binary-expr","locations":[{"start":{"line":400,"column":39},"end":{"line":400,"column":44}},{"start":{"line":400,"column":48},"end":{"line":400,"column":56}}],"line":400},"13":{"loc":{"start":{"line":405,"column":39},"end":{"line":405,"column":56}},"type":"binary-expr","locations":[{"start":{"line":405,"column":39},"end":{"line":405,"column":44}},{"start":{"line":405,"column":48},"end":{"line":405,"column":56}}],"line":405},"14":{"loc":{"start":{"line":414,"column":8},"end":{"line":417,"column":null}},"type":"if","locations":[{"start":{"line":414,"column":8},"end":{"line":417,"column":null}},{"start":{},"end":{}}],"line":414},"15":{"loc":{"start":{"line":420,"column":8},"end":{"line":434,"column":null}},"type":"if","locations":[{"start":{"line":420,"column":8},"end":{"line":434,"column":null}},{"start":{},"end":{}}],"line":420},"16":{"loc":{"start":{"line":441,"column":8},"end":{"line":443,"column":null}},"type":"if","locations":[{"start":{"line":441,"column":8},"end":{"line":443,"column":null}},{"start":{},"end":{}}],"line":441},"17":{"loc":{"start":{"line":446,"column":8},"end":{"line":452,"column":null}},"type":"if","locations":[{"start":{"line":446,"column":8},"end":{"line":452,"column":null}},{"start":{},"end":{}}],"line":446},"18":{"loc":{"start":{"line":446,"column":12},"end":{"line":446,"column":59}},"type":"binary-expr","locations":[{"start":{"line":446,"column":12},"end":{"line":446,"column":33}},{"start":{"line":446,"column":37},"end":{"line":446,"column":59}}],"line":446},"19":{"loc":{"start":{"line":464,"column":28},"end":{"line":464,"column":77}},"type":"binary-expr","locations":[{"start":{"line":464,"column":28},"end":{"line":464,"column":63}},{"start":{"line":464,"column":67},"end":{"line":464,"column":77}}],"line":464},"20":{"loc":{"start":{"line":478,"column":8},"end":{"line":478,"column":null}},"type":"if","locations":[{"start":{"line":478,"column":8},"end":{"line":478,"column":null}},{"start":{},"end":{}}],"line":478},"21":{"loc":{"start":{"line":484,"column":12},"end":{"line":521,"column":null}},"type":"if","locations":[{"start":{"line":484,"column":12},"end":{"line":521,"column":null}},{"start":{"line":496,"column":19},"end":{"line":521,"column":null}}],"line":484},"22":{"loc":{"start":{"line":487,"column":16},"end":{"line":495,"column":null}},"type":"if","locations":[{"start":{"line":487,"column":16},"end":{"line":495,"column":null}},{"start":{"line":491,"column":23},"end":{"line":495,"column":null}}],"line":487},"23":{"loc":{"start":{"line":499,"column":16},"end":{"line":499,"column":null}},"type":"if","locations":[{"start":{"line":499,"column":16},"end":{"line":499,"column":null}},{"start":{},"end":{}}],"line":499},"24":{"loc":{"start":{"line":506,"column":31},"end":{"line":506,"column":68}},"type":"binary-expr","locations":[{"start":{"line":506,"column":31},"end":{"line":506,"column":63}},{"start":{"line":506,"column":67},"end":{"line":506,"column":68}}],"line":506},"25":{"loc":{"start":{"line":513,"column":16},"end":{"line":516,"column":null}},"type":"if","locations":[{"start":{"line":513,"column":16},"end":{"line":516,"column":null}},{"start":{},"end":{}}],"line":513},"26":{"loc":{"start":{"line":524,"column":12},"end":{"line":528,"column":null}},"type":"if","locations":[{"start":{"line":524,"column":12},"end":{"line":528,"column":null}},{"start":{},"end":{}}],"line":524},"27":{"loc":{"start":{"line":524,"column":16},"end":{"line":525,"column":66}},"type":"binary-expr","locations":[{"start":{"line":524,"column":16},"end":{"line":524,"column":29}},{"start":{"line":524,"column":33},"end":{"line":524,"column":65}},{"start":{"line":525,"column":16},"end":{"line":525,"column":29}},{"start":{"line":525,"column":33},"end":{"line":525,"column":66}}],"line":524},"28":{"loc":{"start":{"line":536,"column":28},"end":{"line":536,"column":44}},"type":"default-arg","locations":[{"start":{"line":536,"column":36},"end":{"line":536,"column":44}}],"line":536},"29":{"loc":{"start":{"line":562,"column":43},"end":{"line":562,"column":83}},"type":"cond-expr","locations":[{"start":{"line":562,"column":78},"end":{"line":562,"column":79}},{"start":{"line":562,"column":82},"end":{"line":562,"column":83}}],"line":562},"30":{"loc":{"start":{"line":587,"column":8},"end":{"line":600,"column":null}},"type":"if","locations":[{"start":{"line":587,"column":8},"end":{"line":600,"column":null}},{"start":{},"end":{}}],"line":587},"31":{"loc":{"start":{"line":611,"column":12},"end":{"line":611,"column":39}},"type":"if","locations":[{"start":{"line":611,"column":12},"end":{"line":611,"column":39}},{"start":{},"end":{}}],"line":611},"32":{"loc":{"start":{"line":616,"column":12},"end":{"line":625,"column":null}},"type":"if","locations":[{"start":{"line":616,"column":12},"end":{"line":625,"column":null}},{"start":{},"end":{}}],"line":616},"33":{"loc":{"start":{"line":623,"column":16},"end":{"line":623,"column":null}},"type":"if","locations":[{"start":{"line":623,"column":16},"end":{"line":623,"column":null}},{"start":{},"end":{}}],"line":623},"34":{"loc":{"start":{"line":624,"column":16},"end":{"line":624,"column":null}},"type":"if","locations":[{"start":{"line":624,"column":16},"end":{"line":624,"column":null}},{"start":{},"end":{}}],"line":624},"35":{"loc":{"start":{"line":684,"column":26},"end":{"line":684,"column":92}},"type":"cond-expr","locations":[{"start":{"line":684,"column":40},"end":{"line":684,"column":64}},{"start":{"line":684,"column":67},"end":{"line":684,"column":92}}],"line":684},"36":{"loc":{"start":{"line":701,"column":12},"end":{"line":717,"column":null}},"type":"if","locations":[{"start":{"line":701,"column":12},"end":{"line":717,"column":null}},{"start":{},"end":{}}],"line":701},"37":{"loc":{"start":{"line":701,"column":16},"end":{"line":701,"column":47}},"type":"binary-expr","locations":[{"start":{"line":701,"column":16},"end":{"line":701,"column":29}},{"start":{"line":701,"column":33},"end":{"line":701,"column":47}}],"line":701},"38":{"loc":{"start":{"line":707,"column":16},"end":{"line":710,"column":null}},"type":"if","locations":[{"start":{"line":707,"column":16},"end":{"line":710,"column":null}},{"start":{},"end":{}}],"line":707},"39":{"loc":{"start":{"line":707,"column":20},"end":{"line":707,"column":46}},"type":"binary-expr","locations":[{"start":{"line":707,"column":20},"end":{"line":707,"column":37}},{"start":{"line":707,"column":41},"end":{"line":707,"column":46}}],"line":707},"40":{"loc":{"start":{"line":713,"column":16},"end":{"line":716,"column":null}},"type":"if","locations":[{"start":{"line":713,"column":16},"end":{"line":716,"column":null}},{"start":{},"end":{}}],"line":713},"41":{"loc":{"start":{"line":713,"column":20},"end":{"line":713,"column":65}},"type":"binary-expr","locations":[{"start":{"line":713,"column":20},"end":{"line":713,"column":36}},{"start":{"line":713,"column":40},"end":{"line":713,"column":65}}],"line":713},"42":{"loc":{"start":{"line":720,"column":12},"end":{"line":731,"column":null}},"type":"if","locations":[{"start":{"line":720,"column":12},"end":{"line":731,"column":null}},{"start":{},"end":{}}],"line":720},"43":{"loc":{"start":{"line":720,"column":16},"end":{"line":720,"column":39}},"type":"binary-expr","locations":[{"start":{"line":720,"column":16},"end":{"line":720,"column":30}},{"start":{"line":720,"column":34},"end":{"line":720,"column":39}}],"line":720},"44":{"loc":{"start":{"line":725,"column":16},"end":{"line":728,"column":null}},"type":"if","locations":[{"start":{"line":725,"column":16},"end":{"line":728,"column":null}},{"start":{},"end":{}}],"line":725},"45":{"loc":{"start":{"line":734,"column":12},"end":{"line":736,"column":null}},"type":"if","locations":[{"start":{"line":734,"column":12},"end":{"line":736,"column":null}},{"start":{},"end":{}}],"line":734},"46":{"loc":{"start":{"line":734,"column":16},"end":{"line":734,"column":41}},"type":"binary-expr","locations":[{"start":{"line":734,"column":16},"end":{"line":734,"column":33}},{"start":{"line":734,"column":37},"end":{"line":734,"column":41}}],"line":734},"47":{"loc":{"start":{"line":751,"column":8},"end":{"line":753,"column":null}},"type":"if","locations":[{"start":{"line":751,"column":8},"end":{"line":753,"column":null}},{"start":{},"end":{}}],"line":751},"48":{"loc":{"start":{"line":751,"column":12},"end":{"line":751,"column":46}},"type":"binary-expr","locations":[{"start":{"line":751,"column":12},"end":{"line":751,"column":29}},{"start":{"line":751,"column":33},"end":{"line":751,"column":46}}],"line":751}},"s":{"0":0,"1":0,"2":0,"3":0,"4":0,"5":0,"6":0,"7":0,"8":0,"9":0,"10":0,"11":0,"12":0,"13":0,"14":0,"15":0,"16":0,"17":0,"18":0,"19":0,"20":0,"21":0,"22":0,"23":0,"24":0,"25":0,"26":0,"27":0,"28":0,"29":0,"30":0,"31":0,"32":0,"33":0,"34":0,"35":0,"36":0,"37":0,"38":0,"39":0,"40":0,"41":0,"42":0,"43":0,"44":0,"45":0,"46":0,"47":0,"48":0,"49":0,"50":0,"51":0,"52":0,"53":0,"54":0,"55":0,"56":0,"57":0,"58":0,"59":0,"60":0,"61":0,"62":0,"63":0,"64":0,"65":0,"66":0,"67":0,"68":0,"69":0,"70":0,"71":0,"72":0,"73":0,"74":0,"75":0,"76":0,"77":0,"78":0,"79":0,"80":0,"81":0,"82":0,"83":0,"84":0,"85":0,"86":0,"87":0,"88":0,"89":0,"90":0,"91":0,"92":0,"93":0,"94":0,"95":0,"96":0,"97":0,"98":0,"99":0,"100":0,"101":0,"102":0,"103":0,"104":0,"105":0,"106":0,"107":0,"108":0,"109":0,"110":0,"111":0,"112":0,"113":0,"114":0,"115":0,"116":0,"117":0,"118":0,"119":0,"120":0,"121":0,"122":0,"123":0,"124":0,"125":0,"126":0,"127":0,"128":0,"129":0,"130":0,"131":0,"132":0,"133":0,"134":0,"135":0,"136":0,"137":0,"138":0,"139":0,"140":0,"141":0,"142":0,"143":0,"144":0,"145":0,"146":0,"147":0,"148":0,"149":0,"150":0,"151":0,"152":0,"153":0,"154":0,"155":0,"156":0,"157":0,"158":0,"159":0,"160":0,"161":0,"162":0,"163":0,"164":0,"165":0,"166":0,"167":0,"168":0,"169":0,"170":0,"171":0,"172":0,"173":0,"174":0,"175":0,"176":0,"177":0,"178":0,"179":0,"180":0,"181":0,"182":0,"183":0,"184":0,"185":0,"186":0,"187":0,"188":0,"189":0,"190":0,"191":0,"192":0,"193":0,"194":0,"195":0,"196":0,"197":0,"198":0,"199":0,"200":0,"201":0,"202":0,"203":0,"204":0,"205":0,"206":0,"207":0,"208":0,"209":0,"210":0,"211":0,"212":0,"213":0,"214":0,"215":0,"216":0,"217":0,"218":0,"219":0,"220":0,"221":0,"222":0,"223":0,"224":0,"225":0,"226":0,"227":0,"228":0,"229":0,"230":0,"231":0,"232":0,"233":0,"234":0,"235":0,"236":0,"237":0,"238":0,"239":0,"240":0,"241":0,"242":0,"243":0,"244":0,"245":0,"246":0,"247":0,"248":0,"249":0,"250":0,"251":0,"252":0,"253":0,"254":0,"255":0,"256":0,"257":0,"258":0,"259":0,"260":0,"261":0,"262":0,"263":0,"264":0,"265":0,"266":0,"267":0,"268":0,"269":0,"270":0,"271":0,"272":0,"273":0,"274":0,"275":0,"276":0,"277":0,"278":0,"279":0,"280":0,"281":0,"282":0,"283":0,"284":0,"285":0,"286":0,"287":0,"288":0,"289":0,"290":0,"291":0,"292":0,"293":0,"294":0,"295":0,"296":0,"297":0,"298":0,"299":0,"300":0,"301":0,"302":0,"303":0,"304":0,"305":0,"306":0,"307":0,"308":0,"309":0,"310":0,"311":0,"312":0,"313":0,"314":0,"315":0,"316":0,"317":0,"318":0,"319":0,"320":0,"321":0,"322":0,"323":0,"324":0,"325":0,"326":0},"f":{"0":0,"1":0,"2":0,"3":0,"4":0,"5":0,"6":0,"7":0,"8":0,"9":0,"10":0,"11":0,"12":0,"13":0,"14":0,"15":0,"16":0,"17":0,"18":0,"19":0,"20":0,"21":0,"22":0,"23":0,"24":0,"25":0,"26":0,"27":0,"28":0,"29":0,"30":0,"31":0,"32":0,"33":0,"34":0,"35":0,"36":0,"37":0,"38":0},"b":{"0":[0,0],"1":[0,0],"2":[0,0],"3":[0,0],"4":[0,0],"5":[0,0],"6":[0,0],"7":[0,0],"8":[0,0],"9":[0,0],"10":[0,0],"11":[0,0],"12":[0,0],"13":[0,0],"14":[0,0],"15":[0,0],"16":[0,0],"17":[0,0],"18":[0,0],"19":[0,0],"20":[0,0],"21":[0,0],"22":[0,0],"23":[0,0],"24":[0,0],"25":[0,0],"26":[0,0],"27":[0,0,0,0],"28":[0],"29":[0,0],"30":[0,0],"31":[0,0],"32":[0,0],"33":[0,0],"34":[0,0],"35":[0,0],"36":[0,0],"37":[0,0],"38":[0,0],"39":[0,0],"40":[0,0],"41":[0,0],"42":[0,0],"43":[0,0],"44":[0,0],"45":[0,0],"46":[0,0],"47":[0,0],"48":[0,0]},"meta":{"lastBranch":49,"lastFunction":39,"lastStatement":327,"seen":{"f:5:4:5:15":0,"s:6:8:6:Infinity":0,"s:7:8:7:Infinity":1,"s:8:8:8:Infinity":2,"s:9:8:9:Infinity":3,"s:10:8:10:Infinity":4,"s:11:8:11:30":5,"s:12:8:12:Infinity":6,"s:13:8:13:Infinity":7,"s:14:8:14:Infinity":8,"s:15:8:15:Infinity":9,"s:18:8:18:Infinity":10,"s:19:8:19:Infinity":11,"s:22:8:22:Infinity":12,"s:23:8:23:Infinity":13,"s:26:8:26:Infinity":14,"s:27:8:27:Infinity":15,"s:28:8:28:34":16,"s:31:8:31:Infinity":17,"s:32:8:32:Infinity":18,"s:35:8:46:Infinity":19,"s:49:8:60:Infinity":20,"s:62:8:62:35":21,"s:63:8:63:Infinity":22,"f:66:4:66:8":1,"s:67:8:67:Infinity":23,"s:68:8:68:Infinity":24,"s:69:8:69:Infinity":25,"b:72:8:75:Infinity:undefined:undefined:undefined:undefined":0,"s:72:8:75:Infinity":26,"s:73:12:73:Infinity":27,"s:74:12:74:Infinity":28,"s:77:8:77:Infinity":29,"s:78:8:78:Infinity":30,"s:79:8:79:Infinity":31,"s:80:8:80:Infinity":32,"s:82:8:82:Infinity":33,"f:82:42:82:43":2,"s:82:48:82:67":34,"f:88:4:88:25":3,"s:89:8:89:Infinity":35,"s:90:8:90:Infinity":36,"s:91:8:91:Infinity":37,"f:97:4:97:21":4,"b:98:8:149:Infinity:110:15:149:Infinity":1,"s:98:8:149:Infinity":38,"s:100:12:109:Infinity":39,"f:100:57:100:58":5,"s:101:16:101:Infinity":40,"s:102:16:102:Infinity":41,"s:103:16:108:Infinity":42,"f:103:49:103:50":6,"s:104:20:104:Infinity":43,"b:105:20:107:Infinity:undefined:undefined:undefined:undefined":2,"s:105:20:107:Infinity":44,"s:106:24:106:Infinity":45,"s:112:12:135:Infinity":46,"f:112:50:112:51":7,"s:114:29:114:64":47,"s:115:16:115:Infinity":48,"s:116:16:116:Infinity":49,"s:119:16:119:Infinity":50,"s:122:37:122:64":51,"s:123:35:123:87":52,"b:125:16:134:Infinity:undefined:undefined:undefined:undefined":3,"s:125:16:134:Infinity":53,"s:127:40:127:60":54,"s:128:20:133:Infinity":55,"b:129:24:132:Infinity:undefined:undefined:undefined:undefined":4,"s:129:24:132:Infinity":56,"b:129:28:129:48:129:52:129:70":5,"s:130:28:130:Infinity":57,"s:131:28:131:Infinity":58,"s:138:12:148:Infinity":59,"f:138:54:138:55":8,"s:139:29:139:64":60,"s:140:16:140:Infinity":61,"s:141:16:141:Infinity":62,"s:143:16:143:Infinity":63,"s:144:37:144:64":64,"s:145:35:145:87":65,"s:147:16:147:Infinity":66,"b:147:67:147:76:147:79:147:88":6,"f:155:4:155:26":9,"s:156:8:156:Infinity":67,"f:159:4:159:15":10,"s:160:8:160:Infinity":68,"s:161:8:161:Infinity":69,"s:162:8:162:Infinity":70,"f:165:4:165:16":11,"s:166:25:166:48":71,"s:167:20:167:83":72,"b:167:31:167:55:167:58:167:83":7,"s:169:8:174:Infinity":73,"s:176:20:176:49":74,"s:177:8:177:Infinity":75,"s:178:8:178:Infinity":76,"f:181:4:181:18":12,"s:183:23:183:55":77,"s:184:19:184:88":78,"b:184:19:184:45:184:49:184:88":8,"b:186:8:190:Infinity:undefined:undefined:undefined:undefined":9,"s:186:8:190:Infinity":79,"s:187:12:187:Infinity":80,"s:188:12:188:Infinity":81,"s:189:12:189:Infinity":82,"s:192:8:214:Infinity":83,"s:193:12:198:Infinity":84,"s:200:12:200:Infinity":85,"s:201:12:201:Infinity":86,"s:202:12:202:Infinity":87,"s:203:12:203:Infinity":88,"s:204:12:204:66":89,"s:205:12:205:Infinity":90,"s:206:12:206:Infinity":91,"s:209:12:209:Infinity":92,"s:212:12:212:Infinity":93,"s:213:12:213:Infinity":94,"f:220:4:220:25":13,"s:222:8:222:Infinity":95,"s:223:8:223:Infinity":96,"s:224:8:232:Infinity":97,"s:233:8:233:Infinity":98,"s:236:30:246:9":99,"s:248:8:272:Infinity":100,"f:248:30:248:36":14,"s:249:27:249:56":101,"s:250:12:250:Infinity":102,"s:251:12:262:Infinity":103,"b:265:12:268:Infinity:undefined:undefined:undefined:undefined":10,"s:265:12:268:Infinity":104,"s:266:16:266:Infinity":105,"s:267:16:267:Infinity":106,"s:270:12:270:Infinity":107,"s:271:12:271:Infinity":108,"s:275:22:275:53":109,"s:276:8:281:Infinity":110,"s:282:8:282:Infinity":111,"s:285:26:285:55":112,"s:286:8:286:Infinity":113,"s:287:8:299:Infinity":114,"s:300:8:300:Infinity":115,"f:304:4:304:15":15,"s:305:40:305:52":116,"s:306:25:306:51":117,"s:307:26:307:53":118,"s:308:23:308:50":119,"s:310:8:325:Infinity":120,"s:310:21:310:22":121,"s:311:23:311:28":122,"s:313:26:313:53":123,"s:314:24:314:56":124,"s:315:22:315:55":125,"s:317:12:317:Infinity":126,"s:318:12:318:Infinity":127,"s:319:12:319:Infinity":128,"s:321:35:321:60":129,"s:322:12:322:Infinity":130,"s:323:12:323:Infinity":131,"s:324:12:324:Infinity":132,"s:327:8:327:Infinity":133,"s:328:8:328:Infinity":134,"s:330:25:338:10":135,"s:340:8:340:Infinity":136,"s:341:8:341:Infinity":137,"f:344:4:344:21":16,"s:345:23:345:55":138,"s:346:8:346:Infinity":139,"s:347:8:347:Infinity":140,"s:348:20:348:43":141,"s:349:25:349:72":142,"s:350:8:350:Infinity":143,"s:351:8:351:Infinity":144,"s:352:8:352:Infinity":145,"s:353:8:353:Infinity":146,"s:354:24:354:49":147,"s:355:8:355:Infinity":148,"s:356:8:356:Infinity":149,"f:359:4:359:18":17,"s:362:29:362:66":150,"s:363:8:363:Infinity":151,"s:367:26:367:76":152,"s:368:8:368:Infinity":153,"s:371:25:371:66":154,"s:372:8:372:Infinity":155,"s:373:8:373:Infinity":156,"s:376:8:376:Infinity":157,"s:377:8:377:Infinity":158,"s:378:8:378:Infinity":159,"s:380:8:380:Infinity":160,"s:383:25:383:66":161,"s:384:8:384:Infinity":162,"s:385:8:385:Infinity":163,"f:388:4:388:16":18,"s:389:81:389:87":164,"s:392:27:392:44":165,"s:394:25:394:65":166,"b:398:8:409:Infinity:402:15:409:Infinity":11,"s:398:8:409:Infinity":167,"s:399:12:401:Infinity":168,"b:400:39:400:44:400:48:400:56":12,"s:404:12:408:Infinity":169,"b:405:39:405:44:405:48:405:56":13,"s:411:21:411:55":170,"b:414:8:417:Infinity:undefined:undefined:undefined:undefined":14,"s:414:8:417:Infinity":171,"s:415:12:415:Infinity":172,"s:416:12:416:Infinity":173,"b:420:8:434:Infinity:undefined:undefined:undefined:undefined":15,"s:420:8:434:Infinity":174,"s:421:12:433:Infinity":175,"f:423:16:423:17":19,"s:425:20:425:Infinity":176,"s:426:20:426:Infinity":177,"s:427:20:427:Infinity":178,"f:430:16:430:17":20,"s:437:8:437:Infinity":179,"s:439:8:439:Infinity":180,"b:441:8:443:Infinity:undefined:undefined:undefined:undefined":16,"s:441:8:443:Infinity":181,"s:442:12:442:Infinity":182,"b:446:8:452:Infinity:undefined:undefined:undefined:undefined":17,"s:446:8:452:Infinity":183,"b:446:12:446:33:446:37:446:59":18,"s:447:12:447:Infinity":184,"s:448:12:448:Infinity":185,"s:451:12:451:Infinity":186,"s:455:8:455:Infinity":187,"f:461:4:461:21":21,"s:462:22:462:51":188,"s:463:8:463:Infinity":189,"s:464:8:464:Infinity":190,"b:464:28:464:63:464:67:464:77":19,"s:465:8:465:Infinity":191,"s:468:8:468:Infinity":192,"s:470:8:470:Infinity":193,"s:471:8:471:Infinity":194,"f:477:4:477:24":22,"b:478:8:478:Infinity:undefined:undefined:undefined:undefined":20,"s:478:8:478:Infinity":195,"s:478:35:478:Infinity":196,"s:480:8:533:Infinity":197,"s:481:26:481:27":198,"s:482:26:482:27":199,"b:484:12:521:Infinity:496:19:521:Infinity":21,"s:484:12:521:Infinity":200,"s:486:39:486:65":201,"b:487:16:495:Infinity:491:23:495:Infinity":22,"s:487:16:495:Infinity":202,"s:488:33:488:71":203,"s:489:20:489:Infinity":204,"s:490:20:490:44":205,"s:493:20:493:Infinity":206,"s:494:20:494:Infinity":207,"s:498:30:498:52":208,"b:499:16:499:Infinity:undefined:undefined:undefined:undefined":23,"s:499:16:499:Infinity":209,"s:499:28:499:Infinity":210,"s:502:33:502:52":211,"s:503:16:503:Infinity":212,"s:506:31:506:68":213,"b:506:31:506:63:506:67:506:68":24,"s:507:16:507:Infinity":214,"s:510:34:510:71":215,"b:513:16:516:Infinity:undefined:undefined:undefined:undefined":25,"s:513:16:516:Infinity":216,"s:514:20:514:Infinity":217,"s:515:20:515:Infinity":218,"s:519:16:519:Infinity":219,"s:520:16:520:Infinity":220,"b:524:12:528:Infinity:undefined:undefined:undefined:undefined":26,"s:524:12:528:Infinity":221,"b:524:16:524:29:524:33:524:65:525:16:525:29:525:33:525:66":27,"s:526:16:526:Infinity":222,"s:527:16:527:Infinity":223,"s:530:12:530:Infinity":224,"s:531:12:531:Infinity":225,"s:532:12:532:Infinity":226,"f:536:4:536:19":23,"b:536:36:536:44":28,"s:537:23:537:25":227,"s:538:25:538:28":228,"s:539:8:542:Infinity":229,"s:539:21:539:22":230,"s:540:26:540:54":231,"s:541:12:541:Infinity":232,"s:544:25:544:73":233,"s:545:25:549:10":234,"s:551:21:551:55":235,"s:552:8:552:Infinity":236,"f:555:4:555:20":24,"s:556:24:556:90":237,"s:557:20:557:47":238,"s:558:19:558:38":239,"s:560:8:563:Infinity":240,"s:560:21:560:22":241,"s:561:12:561:Infinity":242,"s:562:12:562:Infinity":243,"b:562:78:562:79:562:82:562:83":29,"s:565:24:570:10":244,"s:573:8:584:Infinity":245,"f:575:12:575:13":25,"s:576:16:576:Infinity":246,"s:577:16:577:Infinity":247,"s:578:16:578:Infinity":248,"f:581:16:581:17":26,"b:587:8:600:Infinity:undefined:undefined:undefined:undefined":30,"s:587:8:600:Infinity":249,"s:588:12:599:Infinity":250,"f:590:16:590:17":27,"s:591:20:591:Infinity":251,"s:592:20:592:Infinity":252,"s:593:20:593:Infinity":253,"f:596:16:596:17":28,"s:602:21:602:53":254,"s:603:8:603:Infinity":255,"s:604:8:604:Infinity":256,"f:607:4:607:21":29,"s:608:18:608:32":257,"s:610:8:629:Infinity":258,"f:610:31:610:34":30,"b:611:12:611:39:undefined:undefined:undefined:undefined":31,"s:611:12:611:39":259,"s:611:32:611:39":260,"s:613:27:613:33":261,"b:616:12:625:Infinity:undefined:undefined:undefined:undefined":32,"s:616:12:625:Infinity":262,"s:617:31:617:56":263,"s:618:16:618:Infinity":264,"s:619:16:619:Infinity":265,"s:620:16:620:Infinity":266,"b:623:16:623:Infinity:undefined:undefined:undefined:undefined":33,"s:623:16:623:Infinity":267,"s:623:35:623:Infinity":268,"b:624:16:624:Infinity:undefined:undefined:undefined:undefined":34,"s:624:16:624:Infinity":269,"s:624:37:624:Infinity":270,"s:628:12:628:Infinity":271,"s:632:27:632:33":272,"s:633:27:633:56":273,"s:634:8:634:Infinity":274,"s:635:8:635:49":275,"s:638:8:638:Infinity":276,"s:641:8:641:Infinity":277,"s:644:8:644:Infinity":278,"f:647:4:647:14":31,"s:648:24:648:89":279,"s:649:24:655:10":280,"s:656:8:656:Infinity":281,"s:658:26:658:91":282,"s:659:26:665:10":283,"s:666:8:666:Infinity":284,"f:669:4:669:22":32,"s:670:35:670:103":285,"s:671:35:677:10":286,"s:678:8:678:Infinity":287,"f:681:4:681:16":33,"s:682:22:682:39":288,"s:683:23:683:41":289,"s:684:8:684:Infinity":290,"b:684:40:684:64:684:67:684:92":35,"s:685:8:685:Infinity":291,"s:686:8:686:Infinity":292,"s:687:8:687:Infinity":293,"s:688:8:688:Infinity":294,"f:691:4:691:10":34,"s:692:22:692:43":295,"s:695:8:737:Infinity":296,"f:695:44:695:47":35,"s:696:27:696:46":297,"s:697:25:697:42":298,"s:698:26:698:47":299,"b:701:12:717:Infinity:undefined:undefined:undefined:undefined":36,"s:701:12:717:Infinity":300,"b:701:16:701:29:701:33:701:47":37,"s:702:16:702:Infinity":301,"s:703:26:703:66":302,"s:704:26:704:66":303,"b:707:16:710:Infinity:undefined:undefined:undefined:undefined":38,"s:707:16:710:Infinity":304,"b:707:20:707:37:707:41:707:46":39,"s:708:20:708:Infinity":305,"s:709:20:709:Infinity":306,"b:713:16:716:Infinity:undefined:undefined:undefined:undefined":40,"s:713:16:716:Infinity":307,"b:713:20:713:36:713:40:713:65":41,"s:714:35:714:60":308,"s:715:20:715:Infinity":309,"b:720:12:731:Infinity:undefined:undefined:undefined:undefined":42,"s:720:12:731:Infinity":310,"b:720:16:720:30:720:34:720:39":43,"s:721:16:721:Infinity":311,"s:722:26:722:66":312,"s:723:26:723:66":313,"b:725:16:728:Infinity:undefined:undefined:undefined:undefined":44,"s:725:16:728:Infinity":314,"s:726:20:726:Infinity":315,"s:727:20:727:Infinity":316,"b:734:12:736:Infinity:undefined:undefined:undefined:undefined":45,"s:734:12:736:Infinity":317,"b:734:16:734:33:734:37:734:41":46,"s:735:16:735:Infinity":318,"s:740:8:740:Infinity":319,"s:741:8:741:Infinity":320,"s:744:8:744:Infinity":321,"f:747:4:747:10":36,"s:748:8:748:Infinity":322,"b:751:8:753:Infinity:undefined:undefined:undefined:undefined":47,"s:751:8:753:Infinity":323,"b:751:12:751:29:751:33:751:46":48,"s:752:12:752:Infinity":324,"f:756:4:756:19":37,"s:758:8:758:Infinity":325,"f:761:4:761:22":38,"s:762:8:762:Infinity":326}}}
,"/Users/bishalghimire/Documents/WORK/Open Source/bishalg.github.io/src/core/ScrollAnimator.js": {"path":"/Users/bishalghimire/Documents/WORK/Open Source/bishalg.github.io/src/core/ScrollAnimator.js","statementMap":{"0":{"start":{"line":6,"column":13},"end":{"line":6,"column":24}},"1":{"start":{"line":7,"column":22},"end":{"line":7,"column":42}},"2":{"start":{"line":19,"column":8},"end":{"line":19,"column":null}},"3":{"start":{"line":20,"column":8},"end":{"line":20,"column":null}},"4":{"start":{"line":21,"column":8},"end":{"line":21,"column":null}},"5":{"start":{"line":22,"column":8},"end":{"line":22,"column":null}},"6":{"start":{"line":23,"column":8},"end":{"line":23,"column":null}},"7":{"start":{"line":24,"column":8},"end":{"line":24,"column":null}},"8":{"start":{"line":25,"column":8},"end":{"line":25,"column":34}},"9":{"start":{"line":28,"column":8},"end":{"line":28,"column":null}},"10":{"start":{"line":31,"column":8},"end":{"line":41,"column":null}},"11":{"start":{"line":43,"column":8},"end":{"line":43,"column":null}},"12":{"start":{"line":47,"column":8},"end":{"line":47,"column":null}},"13":{"start":{"line":48,"column":8},"end":{"line":48,"column":null}},"14":{"start":{"line":49,"column":8},"end":{"line":49,"column":null}},"15":{"start":{"line":52,"column":8},"end":{"line":69,"column":null}},"16":{"start":{"line":53,"column":12},"end":{"line":68,"column":null}},"17":{"start":{"line":55,"column":16},"end":{"line":55,"column":null}},"18":{"start":{"line":56,"column":16},"end":{"line":56,"column":null}},"19":{"start":{"line":60,"column":16},"end":{"line":62,"column":null}},"20":{"start":{"line":61,"column":20},"end":{"line":61,"column":null}},"21":{"start":{"line":65,"column":16},"end":{"line":65,"column":null}},"22":{"start":{"line":67,"column":16},"end":{"line":67,"column":null}},"23":{"start":{"line":67,"column":44},"end":{"line":67,"column":null}},"24":{"start":{"line":77,"column":19},"end":{"line":77,"column":37}},"25":{"start":{"line":78,"column":30},"end":{"line":78,"column":66}},"26":{"start":{"line":81,"column":8},"end":{"line":83,"column":null}},"27":{"start":{"line":82,"column":12},"end":{"line":82,"column":null}},"28":{"start":{"line":86,"column":31},"end":{"line":86,"column":33}},"29":{"start":{"line":88,"column":8},"end":{"line":112,"column":null}},"30":{"start":{"line":88,"column":31},"end":{"line":88,"column":32}},"31":{"start":{"line":89,"column":29},"end":{"line":89,"column":67}},"32":{"start":{"line":90,"column":35},"end":{"line":90,"column":80}},"33":{"start":{"line":91,"column":39},"end":{"line":91,"column":58}},"34":{"start":{"line":94,"column":12},"end":{"line":109,"column":null}},"35":{"start":{"line":97,"column":45},"end":{"line":97,"column":77}},"36":{"start":{"line":98,"column":37},"end":{"line":98,"column":78}},"37":{"start":{"line":99,"column":34},"end":{"line":102,"column":17}},"38":{"start":{"line":104,"column":16},"end":{"line":108,"column":null}},"39":{"start":{"line":111,"column":12},"end":{"line":111,"column":null}},"40":{"start":{"line":115,"column":8},"end":{"line":115,"column":null}},"41":{"start":{"line":124,"column":25},"end":{"line":124,"column":49}},"42":{"start":{"line":125,"column":8},"end":{"line":127,"column":null}},"43":{"start":{"line":126,"column":12},"end":{"line":126,"column":null}},"44":{"start":{"line":136,"column":25},"end":{"line":136,"column":49}},"45":{"start":{"line":137,"column":8},"end":{"line":142,"column":null}},"46":{"start":{"line":138,"column":12},"end":{"line":138,"column":null}},"47":{"start":{"line":141,"column":12},"end":{"line":141,"column":null}},"48":{"start":{"line":149,"column":22},"end":{"line":149,"column":68}},"49":{"start":{"line":150,"column":8},"end":{"line":152,"column":null}},"50":{"start":{"line":151,"column":12},"end":{"line":151,"column":null}},"51":{"start":{"line":168,"column":8},"end":{"line":178,"column":null}},"52":{"start":{"line":170,"column":12},"end":{"line":172,"column":null}},"53":{"start":{"line":171,"column":16},"end":{"line":171,"column":null}},"54":{"start":{"line":176,"column":12},"end":{"line":176,"column":null}},"55":{"start":{"line":177,"column":12},"end":{"line":177,"column":null}},"56":{"start":{"line":180,"column":19},"end":{"line":180,"column":37}},"57":{"start":{"line":181,"column":27},"end":{"line":181,"column":29}},"58":{"start":{"line":183,"column":28},"end":{"line":183,"column":75}},"59":{"start":{"line":184,"column":31},"end":{"line":184,"column":80}},"60":{"start":{"line":185,"column":26},"end":{"line":185,"column":45}},"61":{"start":{"line":188,"column":27},"end":{"line":188,"column":37}},"62":{"start":{"line":189,"column":8},"end":{"line":192,"column":null}},"63":{"start":{"line":189,"column":21},"end":{"line":189,"column":22}},"64":{"start":{"line":190,"column":36},"end":{"line":190,"column":101}},"65":{"start":{"line":191,"column":12},"end":{"line":191,"column":49}},"66":{"start":{"line":196,"column":29},"end":{"line":196,"column":56}},"67":{"start":{"line":197,"column":8},"end":{"line":197,"column":null}},"68":{"start":{"line":202,"column":8},"end":{"line":202,"column":null}},"69":{"start":{"line":205,"column":8},"end":{"line":218,"column":null}},"70":{"start":{"line":206,"column":12},"end":{"line":211,"column":null}},"71":{"start":{"line":209,"column":20},"end":{"line":209,"column":null}},"72":{"start":{"line":213,"column":12},"end":{"line":213,"column":null}},"73":{"start":{"line":215,"column":12},"end":{"line":217,"column":null}},"74":{"start":{"line":216,"column":16},"end":{"line":216,"column":null}},"75":{"start":{"line":225,"column":8},"end":{"line":225,"column":null}},"76":{"start":{"line":225,"column":20},"end":{"line":225,"column":null}},"77":{"start":{"line":226,"column":33},"end":{"line":226,"column":38}},"78":{"start":{"line":227,"column":21},"end":{"line":227,"column":49}},"79":{"start":{"line":228,"column":23},"end":{"line":228,"column":49}},"80":{"start":{"line":230,"column":8},"end":{"line":232,"column":null}},"81":{"start":{"line":231,"column":12},"end":{"line":231,"column":null}},"82":{"start":{"line":235,"column":8},"end":{"line":235,"column":null}},"83":{"start":{"line":238,"column":8},"end":{"line":240,"column":null}},"84":{"start":{"line":239,"column":12},"end":{"line":239,"column":null}},"85":{"start":{"line":244,"column":8},"end":{"line":244,"column":null}},"86":{"start":{"line":251,"column":8},"end":{"line":253,"column":null}},"87":{"start":{"line":252,"column":12},"end":{"line":252,"column":null}},"88":{"start":{"line":259,"column":22},"end":{"line":259,"column":62}},"89":{"start":{"line":260,"column":8},"end":{"line":260,"column":null}},"90":{"start":{"line":260,"column":20},"end":{"line":260,"column":null}},"91":{"start":{"line":261,"column":20},"end":{"line":261,"column":39}},"92":{"start":{"line":262,"column":8},"end":{"line":262,"column":null}},"93":{"start":{"line":263,"column":8},"end":{"line":263,"column":null}},"94":{"start":{"line":268,"column":8},"end":{"line":268,"column":null}},"95":{"start":{"line":270,"column":26},"end":{"line":270,"column":65}},"96":{"start":{"line":271,"column":23},"end":{"line":271,"column":46}},"97":{"start":{"line":273,"column":8},"end":{"line":280,"column":null}},"98":{"start":{"line":282,"column":8},"end":{"line":282,"column":null}},"99":{"start":{"line":287,"column":8},"end":{"line":289,"column":null}},"100":{"start":{"line":288,"column":12},"end":{"line":288,"column":null}},"101":{"start":{"line":292,"column":8},"end":{"line":292,"column":null}},"102":{"start":{"line":294,"column":23},"end":{"line":294,"column":46}},"103":{"start":{"line":295,"column":27},"end":{"line":295,"column":56}},"104":{"start":{"line":297,"column":8},"end":{"line":304,"column":null}},"105":{"start":{"line":306,"column":8},"end":{"line":310,"column":null}},"106":{"start":{"line":312,"column":8},"end":{"line":312,"column":null}},"107":{"start":{"line":313,"column":8},"end":{"line":313,"column":34}},"108":{"start":{"line":314,"column":8},"end":{"line":314,"column":null}},"109":{"start":{"line":317,"column":8},"end":{"line":321,"column":null}},"110":{"start":{"line":318,"column":12},"end":{"line":318,"column":null}},"111":{"start":{"line":320,"column":12},"end":{"line":320,"column":null}},"112":{"start":{"line":325,"column":22},"end":{"line":333,"column":9}},"113":{"start":{"line":326,"column":12},"end":{"line":331,"column":null}},"114":{"start":{"line":327,"column":34},"end":{"line":327,"column":81}},"115":{"start":{"line":330,"column":16},"end":{"line":330,"column":null}},"116":{"start":{"line":332,"column":12},"end":{"line":332,"column":null}},"117":{"start":{"line":334,"column":8},"end":{"line":334,"column":null}},"118":{"start":{"line":346,"column":24},"end":{"line":346,"column":67}},"119":{"start":{"line":347,"column":8},"end":{"line":392,"column":null}},"120":{"start":{"line":348,"column":33},"end":{"line":348,"column":78}},"121":{"start":{"line":349,"column":12},"end":{"line":351,"column":null}},"122":{"start":{"line":350,"column":16},"end":{"line":350,"column":null}},"123":{"start":{"line":353,"column":35},"end":{"line":353,"column":80}},"124":{"start":{"line":354,"column":35},"end":{"line":354,"column":61}},"125":{"start":{"line":356,"column":12},"end":{"line":391,"column":null}},"126":{"start":{"line":364,"column":20},"end":{"line":366,"column":null}},"127":{"start":{"line":365,"column":24},"end":{"line":365,"column":31}},"128":{"start":{"line":369,"column":37},"end":{"line":369,"column":50}},"129":{"start":{"line":370,"column":40},"end":{"line":370,"column":83}},"130":{"start":{"line":371,"column":43},"end":{"line":371,"column":88}},"131":{"start":{"line":374,"column":44},"end":{"line":374,"column":62}},"132":{"start":{"line":375,"column":44},"end":{"line":375,"column":108}},"133":{"start":{"line":378,"column":40},"end":{"line":378,"column":41}},"134":{"start":{"line":379,"column":20},"end":{"line":381,"column":null}},"135":{"start":{"line":379,"column":33},"end":{"line":379,"column":34}},"136":{"start":{"line":380,"column":24},"end":{"line":380,"column":null}},"137":{"start":{"line":382,"column":20},"end":{"line":382,"column":null}},"138":{"start":{"line":385,"column":41},"end":{"line":385,"column":69}},"139":{"start":{"line":386,"column":20},"end":{"line":389,"column":null}},"140":{"start":{"line":387,"column":24},"end":{"line":387,"column":null}},"141":{"start":{"line":395,"column":8},"end":{"line":404,"column":null}},"142":{"start":{"line":399,"column":16},"end":{"line":399,"column":null}},"143":{"start":{"line":400,"column":16},"end":{"line":402,"column":null}},"144":{"start":{"line":407,"column":8},"end":{"line":409,"column":null}},"145":{"start":{"line":414,"column":8},"end":{"line":414,"column":null}},"146":{"start":{"line":418,"column":8},"end":{"line":420,"column":null}},"147":{"start":{"line":419,"column":12},"end":{"line":419,"column":null}},"148":{"start":{"line":421,"column":8},"end":{"line":421,"column":null}},"149":{"start":{"line":421,"column":50},"end":{"line":421,"column":64}},"150":{"start":{"line":424,"column":8},"end":{"line":426,"column":null}},"151":{"start":{"line":425,"column":12},"end":{"line":425,"column":null}}},"fnMap":{"0":{"name":"(anonymous_0)","decl":{"start":{"line":18,"column":4},"end":{"line":18,"column":15}},"loc":{"start":{"line":18,"column":56},"end":{"line":44,"column":null}},"line":18},"1":{"name":"(anonymous_1)","decl":{"start":{"line":46,"column":4},"end":{"line":46,"column":8}},"loc":{"start":{"line":46,"column":11},"end":{"line":70,"column":null}},"line":46},"2":{"name":"(anonymous_2)","decl":{"start":{"line":52,"column":43},"end":{"line":52,"column":44}},"loc":{"start":{"line":52,"column":54},"end":{"line":69,"column":9}},"line":52},"3":{"name":"(anonymous_3)","decl":{"start":{"line":76,"column":4},"end":{"line":76,"column":29}},"loc":{"start":{"line":76,"column":32},"end":{"line":116,"column":null}},"line":76},"4":{"name":"(anonymous_4)","decl":{"start":{"line":122,"column":4},"end":{"line":122,"column":17}},"loc":{"start":{"line":122,"column":20},"end":{"line":128,"column":null}},"line":122},"5":{"name":"(anonymous_5)","decl":{"start":{"line":134,"column":4},"end":{"line":134,"column":17}},"loc":{"start":{"line":134,"column":20},"end":{"line":143,"column":null}},"line":134},"6":{"name":"(anonymous_6)","decl":{"start":{"line":148,"column":4},"end":{"line":148,"column":18}},"loc":{"start":{"line":148,"column":33},"end":{"line":153,"column":null}},"line":148},"7":{"name":"(anonymous_7)","decl":{"start":{"line":163,"column":4},"end":{"line":163,"column":17}},"loc":{"start":{"line":163,"column":25},"end":{"line":219,"column":null}},"line":163},"8":{"name":"(anonymous_8)","decl":{"start":{"line":208,"column":28},"end":{"line":208,"column":29}},"loc":{"start":{"line":208,"column":34},"end":{"line":210,"column":null}},"line":208},"9":{"name":"(anonymous_9)","decl":{"start":{"line":215,"column":23},"end":{"line":215,"column":24}},"loc":{"start":{"line":215,"column":29},"end":{"line":217,"column":13}},"line":215},"10":{"name":"(anonymous_10)","decl":{"start":{"line":224,"column":4},"end":{"line":224,"column":25}},"loc":{"start":{"line":224,"column":33},"end":{"line":245,"column":null}},"line":224},"11":{"name":"(anonymous_11)","decl":{"start":{"line":250,"column":4},"end":{"line":250,"column":13}},"loc":{"start":{"line":250,"column":21},"end":{"line":254,"column":null}},"line":250},"12":{"name":"(anonymous_12)","decl":{"start":{"line":258,"column":4},"end":{"line":258,"column":26}},"loc":{"start":{"line":258,"column":39},"end":{"line":264,"column":null}},"line":258},"13":{"name":"(anonymous_13)","decl":{"start":{"line":266,"column":4},"end":{"line":266,"column":17}},"loc":{"start":{"line":266,"column":69},"end":{"line":283,"column":null}},"line":266},"14":{"name":"(anonymous_14)","decl":{"start":{"line":285,"column":4},"end":{"line":285,"column":19}},"loc":{"start":{"line":285,"column":22},"end":{"line":322,"column":null}},"line":285},"15":{"name":"(anonymous_15)","decl":{"start":{"line":324,"column":4},"end":{"line":324,"column":21}},"loc":{"start":{"line":324,"column":24},"end":{"line":335,"column":null}},"line":324},"16":{"name":"(anonymous_16)","decl":{"start":{"line":325,"column":22},"end":{"line":325,"column":23}},"loc":{"start":{"line":325,"column":28},"end":{"line":333,"column":9}},"line":325},"17":{"name":"(anonymous_17)","decl":{"start":{"line":340,"column":4},"end":{"line":340,"column":23}},"loc":{"start":{"line":340,"column":26},"end":{"line":411,"column":null}},"line":340},"18":{"name":"(anonymous_18)","decl":{"start":{"line":347,"column":24},"end":{"line":347,"column":25}},"loc":{"start":{"line":347,"column":38},"end":{"line":392,"column":9}},"line":347},"19":{"name":"(anonymous_19)","decl":{"start":{"line":362,"column":26},"end":{"line":362,"column":27}},"loc":{"start":{"line":362,"column":36},"end":{"line":390,"column":null}},"line":362},"20":{"name":"(anonymous_20)","decl":{"start":{"line":398,"column":21},"end":{"line":398,"column":22}},"loc":{"start":{"line":398,"column":27},"end":{"line":403,"column":null}},"line":398},"21":{"name":"(anonymous_21)","decl":{"start":{"line":413,"column":4},"end":{"line":413,"column":24}},"loc":{"start":{"line":413,"column":35},"end":{"line":415,"column":null}},"line":413},"22":{"name":"(anonymous_22)","decl":{"start":{"line":417,"column":4},"end":{"line":417,"column":11}},"loc":{"start":{"line":417,"column":14},"end":{"line":427,"column":null}},"line":417},"23":{"name":"(anonymous_23)","decl":{"start":{"line":421,"column":39},"end":{"line":421,"column":46}},"loc":{"start":{"line":421,"column":50},"end":{"line":421,"column":64}},"line":421}},"branchMap":{"0":{"loc":{"start":{"line":53,"column":12},"end":{"line":68,"column":null}},"type":"if","locations":[{"start":{"line":53,"column":12},"end":{"line":68,"column":null}},{"start":{"line":63,"column":19},"end":{"line":68,"column":null}}],"line":53},"1":{"loc":{"start":{"line":60,"column":16},"end":{"line":62,"column":null}},"type":"if","locations":[{"start":{"line":60,"column":16},"end":{"line":62,"column":null}},{"start":{},"end":{}}],"line":60},"2":{"loc":{"start":{"line":67,"column":16},"end":{"line":67,"column":null}},"type":"if","locations":[{"start":{"line":67,"column":16},"end":{"line":67,"column":null}},{"start":{},"end":{}}],"line":67},"3":{"loc":{"start":{"line":78,"column":30},"end":{"line":78,"column":66}},"type":"binary-expr","locations":[{"start":{"line":78,"column":30},"end":{"line":78,"column":44}},{"start":{"line":78,"column":48},"end":{"line":78,"column":66}}],"line":78},"4":{"loc":{"start":{"line":81,"column":8},"end":{"line":83,"column":null}},"type":"if","locations":[{"start":{"line":81,"column":8},"end":{"line":83,"column":null}},{"start":{},"end":{}}],"line":81},"5":{"loc":{"start":{"line":94,"column":12},"end":{"line":109,"column":null}},"type":"if","locations":[{"start":{"line":94,"column":12},"end":{"line":109,"column":null}},{"start":{},"end":{}}],"line":94},"6":{"loc":{"start":{"line":125,"column":8},"end":{"line":127,"column":null}},"type":"if","locations":[{"start":{"line":125,"column":8},"end":{"line":127,"column":null}},{"start":{},"end":{}}],"line":125},"7":{"loc":{"start":{"line":137,"column":8},"end":{"line":142,"column":null}},"type":"if","locations":[{"start":{"line":137,"column":8},"end":{"line":142,"column":null}},{"start":{"line":139,"column":15},"end":{"line":142,"column":null}}],"line":137},"8":{"loc":{"start":{"line":150,"column":8},"end":{"line":152,"column":null}},"type":"if","locations":[{"start":{"line":150,"column":8},"end":{"line":152,"column":null}},{"start":{},"end":{}}],"line":150},"9":{"loc":{"start":{"line":168,"column":8},"end":{"line":178,"column":null}},"type":"if","locations":[{"start":{"line":168,"column":8},"end":{"line":178,"column":null}},{"start":{},"end":{}}],"line":168},"10":{"loc":{"start":{"line":170,"column":12},"end":{"line":172,"column":null}},"type":"if","locations":[{"start":{"line":170,"column":12},"end":{"line":172,"column":null}},{"start":{},"end":{}}],"line":170},"11":{"loc":{"start":{"line":205,"column":8},"end":{"line":218,"column":null}},"type":"if","locations":[{"start":{"line":205,"column":8},"end":{"line":218,"column":null}},{"start":{"line":212,"column":15},"end":{"line":218,"column":null}}],"line":205},"12":{"loc":{"start":{"line":225,"column":8},"end":{"line":225,"column":null}},"type":"if","locations":[{"start":{"line":225,"column":8},"end":{"line":225,"column":null}},{"start":{},"end":{}}],"line":225},"13":{"loc":{"start":{"line":230,"column":8},"end":{"line":232,"column":null}},"type":"if","locations":[{"start":{"line":230,"column":8},"end":{"line":232,"column":null}},{"start":{},"end":{}}],"line":230},"14":{"loc":{"start":{"line":238,"column":8},"end":{"line":240,"column":null}},"type":"if","locations":[{"start":{"line":238,"column":8},"end":{"line":240,"column":null}},{"start":{},"end":{}}],"line":238},"15":{"loc":{"start":{"line":251,"column":8},"end":{"line":253,"column":null}},"type":"if","locations":[{"start":{"line":251,"column":8},"end":{"line":253,"column":null}},{"start":{},"end":{}}],"line":251},"16":{"loc":{"start":{"line":251,"column":12},"end":{"line":251,"column":43}},"type":"binary-expr","locations":[{"start":{"line":251,"column":12},"end":{"line":251,"column":34}},{"start":{"line":251,"column":38},"end":{"line":251,"column":43}}],"line":251},"17":{"loc":{"start":{"line":260,"column":8},"end":{"line":260,"column":null}},"type":"if","locations":[{"start":{"line":260,"column":8},"end":{"line":260,"column":null}},{"start":{},"end":{}}],"line":260},"18":{"loc":{"start":{"line":266,"column":30},"end":{"line":266,"column":67}},"type":"default-arg","locations":[{"start":{"line":266,"column":45},"end":{"line":266,"column":67}}],"line":266},"19":{"loc":{"start":{"line":287,"column":8},"end":{"line":289,"column":null}},"type":"if","locations":[{"start":{"line":287,"column":8},"end":{"line":289,"column":null}},{"start":{},"end":{}}],"line":287},"20":{"loc":{"start":{"line":317,"column":8},"end":{"line":321,"column":null}},"type":"if","locations":[{"start":{"line":317,"column":8},"end":{"line":321,"column":null}},{"start":{"line":319,"column":15},"end":{"line":321,"column":null}}],"line":317},"21":{"loc":{"start":{"line":326,"column":12},"end":{"line":331,"column":null}},"type":"if","locations":[{"start":{"line":326,"column":12},"end":{"line":331,"column":null}},{"start":{},"end":{}}],"line":326},"22":{"loc":{"start":{"line":349,"column":12},"end":{"line":351,"column":null}},"type":"if","locations":[{"start":{"line":349,"column":12},"end":{"line":351,"column":null}},{"start":{},"end":{}}],"line":349},"23":{"loc":{"start":{"line":364,"column":20},"end":{"line":366,"column":null}},"type":"if","locations":[{"start":{"line":364,"column":20},"end":{"line":366,"column":null}},{"start":{},"end":{}}],"line":364},"24":{"loc":{"start":{"line":386,"column":20},"end":{"line":389,"column":null}},"type":"if","locations":[{"start":{"line":386,"column":20},"end":{"line":389,"column":null}},{"start":{},"end":{}}],"line":386},"25":{"loc":{"start":{"line":418,"column":8},"end":{"line":420,"column":null}},"type":"if","locations":[{"start":{"line":418,"column":8},"end":{"line":420,"column":null}},{"start":{},"end":{}}],"line":418},"26":{"loc":{"start":{"line":424,"column":8},"end":{"line":426,"column":null}},"type":"if","locations":[{"start":{"line":424,"column":8},"end":{"line":426,"column":null}},{"start":{},"end":{}}],"line":424},"27":{"loc":{"start":{"line":424,"column":12},"end":{"line":424,"column":50}},"type":"binary-expr","locations":[{"start":{"line":424,"column":12},"end":{"line":424,"column":25}},{"start":{"line":424,"column":29},"end":{"line":424,"column":50}}],"line":424}},"s":{"0":0,"1":0,"2":0,"3":0,"4":0,"5":0,"6":0,"7":0,"8":0,"9":0,"10":0,"11":0,"12":0,"13":0,"14":0,"15":0,"16":0,"17":0,"18":0,"19":0,"20":0,"21":0,"22":0,"23":0,"24":0,"25":0,"26":0,"27":0,"28":0,"29":0,"30":0,"31":0,"32":0,"33":0,"34":0,"35":0,"36":0,"37":0,"38":0,"39":0,"40":0,"41":0,"42":0,"43":0,"44":0,"45":0,"46":0,"47":0,"48":0,"49":0,"50":0,"51":0,"52":0,"53":0,"
[...]
":{"start":{"line":160,"column":21},"end":{"line":160,"column":53}},"76":{"start":{"line":161,"column":8},"end":{"line":161,"column":null}},"77":{"start":{"line":162,"column":8},"end":{"line":162,"column":null}},"78":{"start":{"line":166,"column":8},"end":{"line":166,"column":null}},"79":{"start":{"line":166,"column":30},"end":{"line":166,"column":null}},"80":{"start":{"line":168,"column":24},"end":{"line":189,"column":9}},"81":{"start":{"line":169,"column":12},"end":{"line":169,"column":null}},"82":{"start":{"line":169,"column":34},"end":{"line":169,"column":null}},"83":{"start":{"line":172,"column":12},"end":{"line":185,"column":null}},"84":{"start":{"line":173,"column":16},"end":{"line":173,"column":null}},"85":{"start":{"line":176,"column":16},"end":{"line":176,"column":null}},"86":{"start":{"line":179,"column":16},"end":{"line":184,"column":null}},"87":{"start":{"line":180,"column":20},"end":{"line":180,"column":50}},"88":{"start":{"line":181,"column":20},"end":{"line":181,"column":null}},"89":{"start":{"line":183,"column":20},"end":{"line":183,"column":null}},"90":{"start":{"line":187,"column":12},"end":{"line":187,"column":null}},"91":{"start":{"line":188,"column":12},"end":{"line":188,"column":null}},"92":{"start":{"line":191,"column":8},"end":{"line":191,"column":null}},"93":{"start":{"line":195,"column":23},"end":{"line":195,"column":47}},"94":{"start":{"line":197,"column":8},"end":{"line":197,"column":null}},"95":{"start":{"line":197,"column":52},"end":{"line":197,"column":71}},"96":{"start":{"line":198,"column":8},"end":{"line":198,"column":null}},"97":{"start":{"line":198,"column":52},"end":{"line":198,"column":71}},"98":{"start":{"line":199,"column":8},"end":{"line":199,"column":null}},"99":{"start":{"line":199,"column":50},"end":{"line":199,"column":67}},"100":{"start":{"line":202,"column":8},"end":{"line":205,"column":null}},"101":{"start":{"line":203,"column":12},"end":{"line":203,"column":31}},"102":{"start":{"line":204,"column":12},"end":{"line":204,"column":null}},"103":{"start":{"line":206,"column":8},"end":{"line":206,"column":null}},"104":{"start":{"line":206,"column":52},"end":{"line":206,"column":82}},"105":{"start":{"line":207,"column":8},"end":{"line":207,"column":null}},"106":{"start":{"line":207,"column":51},"end":{"line":207,"column":67}},"107":{"start":{"line":211,"column":8},"end":{"line":211,"column":null}},"108":{"start":{"line":211,"column":51},"end":{"line":211,"column":null}},"109":{"start":{"line":212,"column":8},"end":{"line":212,"column":null}},"110":{"start":{"line":213,"column":8},"end":{"line":213,"column":null}},"111":{"start":{"line":214,"column":8},"end":{"line":214,"column":null}},"112":{"start":{"line":215,"column":8},"end":{"line":215,"column":null}},"113":{"start":{"line":219,"column":8},"end":{"line":219,"column":null}},"114":{"start":{"line":219,"column":30},"end":{"line":219,"column":null}},"115":{"start":{"line":221,"column":23},"end":{"line":221,"column":63}},"116":{"start":{"line":224,"column":8},"end":{"line":224,"column":null}},"117":{"start":{"line":225,"column":8},"end":{"line":225,"column":null}},"118":{"start":{"line":227,"column":8},"end":{"line":227,"column":null}},"119":{"start":{"line":231,"column":8},"end":{"line":234,"column":null}},"120":{"start":{"line":232,"column":12},"end":{"line":232,"column":null}},"121":{"start":{"line":233,"column":12},"end":{"line":233,"column":null}},"122":{"start":{"line":238,"column":8},"end":{"line":241,"column":null}},"123":{"start":{"line":239,"column":12},"end":{"line":239,"column":null}},"124":{"start":{"line":240,"column":12},"end":{"line":240,"column":null}},"125":{"start":{"line":245,"column":8},"end":{"line":245,"column":null}},"126":{"start":{"line":246,"column":8},"end":{"line":251,"column":null}},"127":{"start":{"line":247,"column":12},"end":{"line":247,"column":null}},"128":{"start":{"line":248,"column":12},"end":{"line":250,"column":null}},"129":{"start":{"line":249,"column":16},"end":{"line":249,"column":null}}},"fnMap":{"0":{"name":"(anonymous_0)","decl":{"start":{"line":8,"column":4},"end":{"line":8,"column":15}},"loc":{"start":{"line":8,"column":18},"end":{"line":26,"column":null}},"line":8},"1":{"name":"(anonymous_1)","decl":{"start":{"line":28,"column":4},"end":{"line":28,"column":8}},"loc":{"start":{"line":28,"column":11},"end":{"line":51,"column":null}},"line":28},"2":{"name":"(anonymous_2)","decl":{"start":{"line":53,"column":4},"end":{"line":53,"column":9}},"loc":{"start":{"line":53,"column":31},"end":{"line":79,"column":null}},"line":53},"3":{"name":"(anonymous_3)","decl":{"start":{"line":81,"column":4},"end":{"line":81,"column":16}},"loc":{"start":{"line":81,"column":27},"end":{"line":133,"column":null}},"line":81},"4":{"name":"(anonymous_4)","decl":{"start":{"line":109,"column":52},"end":{"line":109,"column":53}},"loc":{"start":{"line":109,"column":61},"end":{"line":112,"column":13}},"line":109},"5":{"name":"(anonymous_5)","decl":{"start":{"line":135,"column":4},"end":{"line":135,"column":14}},"loc":{"start":{"line":135,"column":23},"end":{"line":163,"column":null}},"line":135},"6":{"name":"(anonymous_6)","decl":{"start":{"line":153,"column":71},"end":{"line":153,"column":72}},"loc":{"start":{"line":153,"column":80},"end":{"line":157,"column":13}},"line":153},"7":{"name":"(anonymous_7)","decl":{"start":{"line":165,"column":4},"end":{"line":165,"column":13}},"loc":{"start":{"line":165,"column":16},"end":{"line":192,"column":null}},"line":165},"8":{"name":"(anonymous_8)","decl":{"start":{"line":168,"column":24},"end":{"line":168,"column":25}},"loc":{"start":{"line":168,"column":30},"end":{"line":189,"column":9}},"line":168},"9":{"name":"(anonymous_9)","decl":{"start":{"line":194,"column":4},"end":{"line":194,"column":20}},"loc":{"start":{"line":194,"column":23},"end":{"line":208,"column":null}},"line":194},"10":{"name":"(anonymous_10)","decl":{"start":{"line":197,"column":45},"end":{"line":197,"column":46}},"loc":{"start":{"line":197,"column":52},"end":{"line":197,"column":71}},"line":197},"11":{"name":"(anonymous_11)","decl":{"start":{"line":198,"column":45},"end":{"line":198,"column":46}},"loc":{"start":{"line":198,"column":52},"end":{"line":198,"column":71}},"line":198},"12":{"name":"(anonymous_12)","decl":{"start":{"line":199,"column":43},"end":{"line":199,"column":44}},"loc":{"start":{"line":199,"column":50},"end":{"line":199,"column":67}},"line":199},"13":{"name":"(anonymous_13)","decl":{"start":{"line":202,"column":46},"end":{"line":202,"column":47}},"loc":{"start":{"line":202,"column":53},"end":{"line":205,"column":9}},"line":202},"14":{"name":"(anonymous_14)","decl":{"start":{"line":206,"column":45},"end":{"line":206,"column":46}},"loc":{"start":{"line":206,"column":52},"end":{"line":206,"column":82}},"line":206},"15":{"name":"(anonymous_15)","decl":{"start":{"line":207,"column":44},"end":{"line":207,"column":45}},"loc":{"start":{"line":207,"column":51},"end":{"line":207,"column":67}},"line":207},"16":{"name":"(anonymous_16)","decl":{"start":{"line":210,"column":4},"end":{"line":210,"column":15}},"loc":{"start":{"line":210,"column":19},"end":{"line":216,"column":null}},"line":210},"17":{"name":"(anonymous_17)","decl":{"start":{"line":218,"column":4},"end":{"line":218,"column":15}},"loc":{"start":{"line":218,"column":19},"end":{"line":228,"column":null}},"line":218},"18":{"name":"(anonymous_18)","decl":{"start":{"line":230,"column":4},"end":{"line":230,"column":13}},"loc":{"start":{"line":230,"column":16},"end":{"line":235,"column":null}},"line":230},"19":{"name":"(anonymous_19)","decl":{"start":{"line":237,"column":4},"end":{"line":237,"column":8}},"loc":{"start":{"line":237,"column":11},"end":{"line":242,"column":null}},"line":237},"20":{"name":"(anonymous_20)","decl":{"start":{"line":244,"column":4},"end":{"line":244,"column":11}},"loc":{"start":{"line":244,"column":14},"end":{"line":253,"column":null}},"line":244}},"branchMap":{"0":{"loc":{"start":{"line":54,"column":8},"end":{"line":54,"column":null}},"type":"if","locations":[{"start":{"line":54,"column":8},"end":{"line":54,"column":null}},{"start":{},"end":{}}],"line":54},"1":{"loc":{"start":{"line":83,"column":8},"end":{"line":85,"column":null}},"type":"if","locations":[{"start":{"line":83,"column":8},"end":{"line":85,"column":null}},{"start":{},"end":{}}],"line":83},"2":{"loc":{"start":{"line":88,"column":8},"end":{"line":90,"column":null}},"type":"if","locations":[{"start":{"line":88,"column":8},"end":{"line":90,"column":null}},{"start":{},"end":{}}],"line":88},"3":{"loc":{"start":{"line":92,"column":33},"end":{"line":92,"column":62}},"type":"binary-expr","locations":[{"start":{"line":92,"column":33},"end":{"line":92,"column":53}},{"start":{"line":92,"column":57},"end":{"line":92,"column":62}}],"line":92},"4":{"loc":{"start":{"line":108,"column":8},"end":{"line":113,"column":null}},"type":"if","locations":[{"start":{"line":108,"column":8},"end":{"line":113,"column":null}},{"start":{},"end":{}}],"line":108},"5":{"loc":{"start":{"line":116,"column":8},"end":{"line":119,"column":null}},"type":"if","locations":[{"start":{"line":116,"column":8},"end":{"line":119,"column":null}},{"start":{},"end":{}}],"line":116},"6":{"loc":{"start":{"line":128,"column":8},"end":{"line":130,"column":null}},"type":"if","locations":[{"start":{"line":128,"column":8},"end":{"line":130,"column":null}},{"start":{},"end":{}}],"line":128},"7":{"loc":{"start":{"line":128,"column":12},"end":{"line":128,"column":51}},"type":"binary-expr","locations":[{"start":{"line":128,"column":12},"end":{"line":128,"column":33}},{"start":{"line":128,"column":37},"end":{"line":128,"column":51}}],"line":128},"8":{"loc":{"start":{"line":142,"column":43},"end":{"line":142,"column":68}},"type":"cond-expr","locations":[{"start":{"line":142,"column":63},"end":{"line":142,"column":64}},{"start":{"line":142,"column":67},"end":{"line":142,"column":68}}],"line":142},"9":{"loc":{"start":{"line":152,"column":8},"end":{"line":158,"column":null}},"type":"if","locations":[{"start":{"line":152,"column":8},"end":{"line":158,"column":null}},{"start":{},"end":{}}],"line":152},"10":{"loc":{"start":{"line":166,"column":8},"end":{"line":166,"column":null}},"type":"if","locations":[{"start":{"line":166,"column":8},"end":{"line":166,"column":null}},{"start":{},"end":{}}],"line":166},"11":{"loc":{"start":{"line":169,"column":12},"end":{"line":169,"column":null}},"type":"if","locations":[{"start":{"line":169,"column":12},"end":{"line":169,"column":null}},{"start":{},"end":{}}],"line":169},"12":{"loc":{"start":{"line":172,"column":12},"end":{"line":185,"column":null}},"type":"if","locations":[{"start":{"line":172,"column":12},"end":{"line":185,"column":null}},{"start":{"line":174,"column":19},"end":{"line":185,"column":null}}],"line":172},"13":{"loc":{"start":{"line":179,"column":16},"end":{"line":184,"column":null}},"type":"if","locations":[{"start":{"line":179,"column":16},"end":{"line":184,"column":null}},{"start":{"line":182,"column":23},"end":{"line":184,"column":null}}],"line":179},"14":{"loc":{"start":{"line":211,"column":8},"end":{"line":211,"column":null}},"type":"if","locations":[{"start":{"line":211,"column":8},"end":{"line":211,"column":null}},{"start":{},"end":{}}],"line":211},"15":{"loc":{"start":{"line":219,"column":8},"end":{"line":219,"column":null}},"type":"if","locations":[{"start":{"line":219,"column":8},"end":{"line":219,"column":null}},{"start":{},"end":{}}],"line":219},"16":{"loc":{"start":{"line":231,"column":8},"end":{"line":234,"column":null}},"type":"if","locations":[{"start":{"line":231,"column":8},"end":{"line":234,"column":null}},{"start":{},"end":{}}],"line":231},"17":{"loc":{"start":{"line":238,"column":8},"end":{"line":241,"column":null}},"type":"if","locations":[{"start":{"line":238,"column":8},"end":{"line":241,"column":null}},{"start":{},"end":{}}],"line":238},"18":{"loc":{"start":{"line":246,"column":8},"end":{"line":251,"column":null}},"type":"if","locations":[{"start":{"line":246,"column":8},"end":{"line":251,"column":null}},{"start":{},"end":{}}],"line":246},"19":{"loc":{"start":{"line":248,"column":12},"end":{"line":250,"column":null}},"type":"if","locations":[{"start":{"line":248,"column":12},"end":{"line":250,"column":null}},{"start":{},"end":{}}],"line":248},"20":{"loc":{"start":{"line":248,"column":16},"end":{"line":248,"column":83}},"type":"binary-expr","locations":[{"start":{"line":248,"column":16},"end":{"line":248,"column":30}},{"start":{"line":248,"column":34},"end":{"line":248,"column":83}}],"line":248}},"s":{"0":0,"1":0,"2":0,"3":0,"4":0,"5":0,"6":0,"7":0,"8":0,"9":0,"10":0,"11":0,"12":0,"13":0,"14":0,"15":0,"16":0,"17":0,"18":0,"19":0,"20":0,"21":0,"22":0,"23":0,"24":0,"25":0,"26":0,"27":0,"28":0,"29":0,"30":0,"31":0,"32":0,"33":0,"34":0,"35":0,"36":0,"37":0,"38":0,"39":0,"40":0,"41":0,"42":0,"43":0,"44":0,"45":0,"46":0,"47":0,"48":0,"49":0,"50":0,"51":0,"52":0,"53":0,"54":0,"55":0,"56":0,"57":0,"58":0,"59":0,"60":0,"61":0,"62":0,"63":0,"64":0,"65":0,"66":0,"67":0,"68":0,"69":0,"70":0,"71":0,"72":0,"73":0,"74":0,"75":0,"76":0,"77":0,"78":0,"79":0,"80":0,"81":0,"82":0,"83":0,"84":0,"85":0,"86":0,"87":0,"88":0,"89":0,"90":0,"91":0,"92":0,"93":0,"94":0,"95":0,"96":0,"97":0,"98":0,"99":0,"100":0,"101":0,"102":0,"103":0,"104":0,"105":0,"106":0,"107":0,"108":0,"109":0,"110":0,"111":0,"112":0,"113":0,"114":0,"115":0,"116":0,"117":0,"118":0,"119":0,"120":0,"121":0,"122":0,"123":0,"124":0,"125":0,"126":0,"127":0,"128":0,"129":0},"f":{"0":0,"1":0,"2":0,"3":0,"4":0,"5":0,"6":0,"7":0,"8":0,"9":0,"10":0,"11":0,"12":0,"13":0,"14":0,"15":0,"16":0,"17":0,"18":0,"19":0,"20":0},"b":{"0":[0,0],"1":[0,0],"2":[0,0],"3":[0,0],"4":[0,0],"5":[0,0],"6":[0,0],"7":[0,0],"8":[0,0],"9":[0,0],"10":[0,0],"11":[0,0],"12":[0,0],"13":[0,0],"14":[0,0],"15":[0,0],"16":[0,0],"17":[0,0],"18":[0,0],"19":[0,0],"20":[0,0]},"meta":{"lastBranch":21,"lastFunction":21,"lastStatement":130,"seen":{"s:5:13:5:24":0,"f:8:4:8:15":0,"s:9:8:9:Infinity":1,"s:10:8:10:Infinity":2,"s:11:8:11:Infinity":3,"s:12:8:12:Infinity":4,"s:13:8:13:Infinity":5,"s:14:8:14:Infinity":6,"s:15:8:15:Infinity":7,"s:16:8:16:Infinity":8,"s:19:8:19:Infinity":9,"s:20:8:20:Infinity":10,"s:21:8:21:Infinity":11,"s:22:8:22:Infinity":12,"s:23:8:23:Infinity":13,"s:25:8:25:Infinity":14,"f:28:4:28:8":1,"s:30:8:30:Infinity":15,"s:33:8:33:Infinity":16,"s:34:8:34:Infinity":17,"s:37:8:41:Infinity":18,"s:42:8:42:Infinity":19,"s:45:29:45:66":20,"s:46:8:46:Infinity":21,"s:48:25:48:66":22,"s:49:8:49:Infinity":23,"s:50:8:50:Infinity":24,"f:53:4:53:9":2,"b:54:8:54:Infinity:undefined:undefined:undefined:undefined":0,"s:54:8:54:Infinity":25,"s:54:24:54:Infinity":26,"s:55:8:55:Infinity":27,"s:58:8:60:Infinity":28,"s:59:12:59:Infinity":29,"s:63:22:63:48":30,"s:64:23:64:50":31,"s:65:8:65:Infinity":32,"s:66:8:66:Infinity":33,"s:67:8:67:Infinity":34,"s:69:8:69:Infinity":35,"s:72:8:72:Infinity":36,"s:75:8:75:Infinity":37,"s:78:8:78:Infinity":38,"f:81:4:81:16":3,"b:83:8:85:Infinity:undefined:undefined:undefined:undefined":1,"s:83:8:85:Infinity":39,"s:84:12:84:Infinity":40,"s:87:23:87:47":41,"b:88:8:90:Infinity:undefined:undefined:undefined:undefined":2,"s:88:8:90:Infinity":42,"s:89:12:89:Infinity":43,"s:92:8:92:Infinity":44,"b:92:33:92:53:92:57:92:62":3,"s:93:8:93:Infinity":45,"s:95:8:95:Infinity":46,"s:99:25:99:62":47,"s:102:25:106:10":48,"b:108:8:113:Infinity:undefined:undefined:undefined:undefined":4,"s:108:8:113:Infinity":49,"s:109:12:112:Infinity":50,"f:109:52:109:53":4,"s:110:16:110:Infinity":51,"s:111:16:111:Infinity":52,"b:116:8:119:Infinity:undefined:undefined:undefined:undefined":5,"s:116:8:119:Infinity":53,"s:117:12:117:Infinity":54,"s:118:12:118:Infinity":55,"s:121:8:121:Infinity":56,"s:124:8:124:51":57,"s:125:8:125:Infinity":58,"b:128:8:130:Infinity:undefined:undefined:undefined:undefined":6,"s:128:8:130:Infinity":59,"b:128:12:128:33:128:37:128:51":7,"s:129:12:129:Infinity":60,"s:132:8:132:Infinity":61,"f:135:4:135:14":5,"s:136:24:136:60":62,"s:137:20:137:47":63,"s:138:19:138:38":64,"s:140:8:143:Infinity":65,"s:140:21:140:22":66,"s:141:12:141:Infinity":67,"s:142:12:142:Infinity":68,"b:142:63:142:64:142:67:142:68":8,"s:145:24:150:10":69,"b:152:8:158:Infinity:undefined:undefined:undefined:undefined":9,"s:152:8:158:Infinity":70,"s:153:12:157:Infinity":71,"f:153:71:153:72":6,"s:154:16:154:Infinity":72,"s:155:16:155:Infinity":73,"s:156:16:156:Infinity":74,"s:160:21:160:53":75,"s:161:8:161:Infinity":76,"s:162:8:162:Infinity":77,"f:165:4:165:13":7,"b:166:8:166:Infinity:undefined:undefined:undefined:undefined":10,"s:166:8:166:Infinity":78,"s:166:30:166:Infinity":79,"s:168:24:189:9":80,"f:168:24:168:25":8,"b:169:12:169:Infinity:undefined:undefined:undefined:undefined":11,"s:169:12:169:Infinity":81,"s:169:34:169:Infinity":82,"b:172:12:185:Infinity:174:19:185:Infinity":12,"s:172:12:185:Infinity":83,"s:173:16:173:Infinity":84,"s:176:16:176:Infinity":85,"b:179:16:184:Infinity:182:23:184:Infinity":13,"s:179:16:184:Infinity":86,"s:180:20:180:50":87,"s:181:20:181:Infinity":88,"s:183:20:183:Infinity":89,"s:187:12:187:Infinity":90,"s:188:12:188:Infinity":91,"s:191:8:191:Infinity":92,"f:194:4:194:20":9,"s:195:23:195:47":93,"s:197:8:197:Infinity":94,"f:197:45:197:46":10,"s:197:52:197:71":95,"s:198:8:198:Infinity":96,"f:198:45:198:46":11,"s:198:52:198:71":97,"s:199:8:199:Infinity":98,"f:199:43:199:44":12,"s:199:50:199:67":99,"s:202:8:205:Infinity":100,"f:202:46:202:47":13,"s:203:12:203:31":101,"s:204:12:204:Infinity":102,"s:206:8:206:Infinity":103,"f:206:45:206:46":14,"s:206:52:206:82":104,"s:207:8:207:Infinity":105,"f:207:44:207:45":15,"s:207:51:207:67":106,"f:210:4:210:15":16,"b:211:8:211:Infinity:undefined:undefined:undefined:undefined":14,"s:211:8:211:Infinity":107,"s:211:51:211:Infinity":108,"s:212:8:212:Infinity":109,"s:213:8:213:Infinity":110,"s:214:8:214:Infinity":111,"s:215:8:215:Infinity":112,"f:218:4:218:15":17,"b:219:8:219:Infinity:undefined:undefined:undefined:undefined":15,"s:219:8:219:Infinity":113,"s:219:30:219:Infinity":114,"s:221:23:221:63":115,"s:224:8:224:Infinity":116,"s:225:8:225:Infinity":117,"s:227:8:227:Infinity":118,"f:230:4:230:13":18,"b:231:8:234:Infinity:undefined:undefined:undefined:undefined":16,"s:231:8:234:Infinity":119,"s:232:12:232:Infinity":120,"s:233:12:233:Infinity":121,"f:237:4:237:8":19,"b:238:8:241:Infinity:undefined:undefined:undefined:undefined":17,"s:238:8:241:Infinity":122,"s:239:12:239:Infinity":123,"s:240:12:240:Infinity":124,"f:244:4:244:11":20,"s:245:8:245:Infinity":125,"b:246:8:251:Infinity:undefined:undefined:undefined:undefined":18,"s:246:8:251:Infinity":126,"s:247:12:247:Infinity":127,"b:248:12:250:Infinity:undefined:undefined:undefined:undefined":19,"s:248:12:250:Infinity":128,"b:248:16:248:30:248:34:248:83":20,"s:249:16:249:Infinity":129}}}
,"/Users/bishalghimire/Documents/WORK/Open Source/bishalg.github.io/src/utils/TimeUtils.js": {"path":"/Users/bishalghimire/Documents/WORK/Open Source/bishalg.github.io/src/utils/TimeUtils.js","statementMap":{"0":{"start":{"line":8,"column":16},"end":{"line":8,"column":26}},"1":{"start":{"line":9,"column":4},"end":{"line":9,"column":null}},"2":{"start":{"line":14,"column":14},"end":{"line":14,"column":40}},"3":{"start":{"line":15,"column":14},"end":{"line":15,"column":47}},"4":{"start":{"line":16,"column":14},"end":{"line":16,"column":38}},"5":{"start":{"line":17,"column":4},"end":{"line":17,"column":null}}},"fnMap":{"0":{"name":"getCurrentTimestamp","decl":{"start":{"line":7,"column":16},"end":{"line":7,"column":35}},"loc":{"start":{"line":7,"column":38},"end":{"line":10,"column":null}},"line":7},"1":{"name":"secondsToHMS","decl":{"start":{"line":13,"column":16},"end":{"line":13,"column":28}},"loc":{"start":{"line":13,"column":38},"end":{"line":18,"column":null}},"line":13}},"branchMap":{},"s":{"0":2,"1":2,"2":4,"3":4,"4":4,"5":4},"f":{"0":2,"1":4},"b":{},"meta":{"lastBranch":0,"lastFunction":2,"lastStatement":6,"seen":{"f:7:16:7:35":0,"s:8:16:8:26":0,"s:9:4:9:Infinity":1,"f:13:16:13:28":1,"s:14:14:14:40":2,"s:15:14:15:47":3,"s:16:14:16:38":4,"s:17:4:17:Infinity":5}}}
}
